<?xml version="1.0" ?>
<coverage version="7.10.6" timestamp="1764313031771" lines-valid="4705" lines-covered="1689" line-rate="0.359" branches-covered="0" branches-valid="0" branch-rate="0" complexity="0">
	<!-- Generated by coverage.py: https://coverage.readthedocs.io/en/7.10.6 -->
	<!-- Based on https://raw.githubusercontent.com/cobertura/web/master/htdocs/xml/coverage-04.dtd -->
	<sources>
		<source>/Users/mp/Documents/02_DevSpace/01_Github/sentrascan-platform/src/sentrascan</source>
	</sources>
	<packages>
		<package name="." line-rate="0.1832" branch-rate="0" complexity="0">
			<classes>
				<class name="__init__.py" filename="__init__.py" complexity="0" line-rate="1" branch-rate="0">
					<methods/>
					<lines>
						<line number="1" hits="1"/>
						<line number="2" hits="1"/>
					</lines>
				</class>
				<class name="cli.py" filename="cli.py" complexity="0" line-rate="0" branch-rate="0">
					<methods/>
					<lines>
						<line number="1" hits="0"/>
						<line number="2" hits="0"/>
						<line number="3" hits="0"/>
						<line number="4" hits="0"/>
						<line number="5" hits="0"/>
						<line number="6" hits="0"/>
						<line number="8" hits="0"/>
						<line number="9" hits="0"/>
						<line number="10" hits="0"/>
						<line number="11" hits="0"/>
						<line number="12" hits="0"/>
						<line number="14" hits="0"/>
						<line number="15" hits="0"/>
						<line number="16" hits="0"/>
						<line number="18" hits="0"/>
						<line number="20" hits="0"/>
						<line number="21" hits="0"/>
						<line number="22" hits="0"/>
						<line number="23" hits="0"/>
						<line number="24" hits="0"/>
						<line number="25" hits="0"/>
						<line number="26" hits="0"/>
						<line number="27" hits="0"/>
						<line number="28" hits="0"/>
						<line number="29" hits="0"/>
						<line number="30" hits="0"/>
						<line number="31" hits="0"/>
						<line number="32" hits="0"/>
						<line number="33" hits="0"/>
						<line number="34" hits="0"/>
						<line number="35" hits="0"/>
						<line number="36" hits="0"/>
						<line number="37" hits="0"/>
						<line number="38" hits="0"/>
						<line number="40" hits="0"/>
						<line number="41" hits="0"/>
						<line number="43" hits="0"/>
						<line number="45" hits="0"/>
						<line number="46" hits="0"/>
						<line number="47" hits="0"/>
						<line number="48" hits="0"/>
						<line number="49" hits="0"/>
						<line number="50" hits="0"/>
						<line number="51" hits="0"/>
						<line number="52" hits="0"/>
						<line number="53" hits="0"/>
						<line number="54" hits="0"/>
						<line number="55" hits="0"/>
						<line number="56" hits="0"/>
						<line number="57" hits="0"/>
						<line number="58" hits="0"/>
						<line number="59" hits="0"/>
						<line number="61" hits="0"/>
						<line number="63" hits="0"/>
						<line number="64" hits="0"/>
						<line number="65" hits="0"/>
						<line number="66" hits="0"/>
						<line number="68" hits="0"/>
						<line number="69" hits="0"/>
						<line number="70" hits="0"/>
						<line number="72" hits="0"/>
						<line number="73" hits="0"/>
						<line number="74" hits="0"/>
						<line number="76" hits="0"/>
						<line number="77" hits="0"/>
						<line number="79" hits="0"/>
						<line number="81" hits="0"/>
						<line number="82" hits="0"/>
						<line number="83" hits="0"/>
						<line number="84" hits="0"/>
						<line number="85" hits="0"/>
						<line number="86" hits="0"/>
						<line number="87" hits="0"/>
						<line number="88" hits="0"/>
						<line number="89" hits="0"/>
						<line number="90" hits="0"/>
						<line number="91" hits="0"/>
						<line number="92" hits="0"/>
						<line number="93" hits="0"/>
						<line number="94" hits="0"/>
						<line number="95" hits="0"/>
						<line number="97" hits="0"/>
						<line number="99" hits="0"/>
						<line number="100" hits="0"/>
						<line number="101" hits="0"/>
						<line number="102" hits="0"/>
						<line number="105" hits="0"/>
						<line number="106" hits="0"/>
						<line number="107" hits="0"/>
						<line number="108" hits="0"/>
						<line number="109" hits="0"/>
					</lines>
				</class>
				<class name="server.py" filename="server.py" complexity="0" line-rate="0.1922" branch-rate="0">
					<methods/>
					<lines>
						<line number="1" hits="1"/>
						<line number="2" hits="1"/>
						<line number="3" hits="1"/>
						<line number="4" hits="1"/>
						<line number="5" hits="1"/>
						<line number="6" hits="1"/>
						<line number="7" hits="1"/>
						<line number="8" hits="1"/>
						<line number="9" hits="1"/>
						<line number="10" hits="1"/>
						<line number="11" hits="1"/>
						<line number="12" hits="1"/>
						<line number="13" hits="1"/>
						<line number="14" hits="1"/>
						<line number="15" hits="1"/>
						<line number="16" hits="1"/>
						<line number="17" hits="1"/>
						<line number="18" hits="1"/>
						<line number="19" hits="1"/>
						<line number="20" hits="1"/>
						<line number="21" hits="1"/>
						<line number="22" hits="1"/>
						<line number="23" hits="1"/>
						<line number="24" hits="1"/>
						<line number="25" hits="1"/>
						<line number="26" hits="1"/>
						<line number="30" hits="1"/>
						<line number="31" hits="1"/>
						<line number="35" hits="1"/>
						<line number="39" hits="1"/>
						<line number="44" hits="1"/>
						<line number="48" hits="1"/>
						<line number="49" hits="1"/>
						<line number="50" hits="1"/>
						<line number="51" hits="1"/>
						<line number="52" hits="1"/>
						<line number="53" hits="1"/>
						<line number="54" hits="1"/>
						<line number="55" hits="1"/>
						<line number="58" hits="1"/>
						<line number="61" hits="1"/>
						<line number="62" hits="1"/>
						<line number="65" hits="1"/>
						<line number="66" hits="1"/>
						<line number="69" hits="1"/>
						<line number="70" hits="1"/>
						<line number="71" hits="1"/>
						<line number="72" hits="0"/>
						<line number="73" hits="0"/>
						<line number="75" hits="1"/>
						<line number="78" hits="1"/>
						<line number="79" hits="1"/>
						<line number="80" hits="1"/>
						<line number="82" hits="1"/>
						<line number="85" hits="1"/>
						<line number="93" hits="1"/>
						<line number="94" hits="1"/>
						<line number="95" hits="1"/>
						<line number="98" hits="1"/>
						<line number="108" hits="1"/>
						<line number="109" hits="1"/>
						<line number="110" hits="1"/>
						<line number="111" hits="0"/>
						<line number="112" hits="1"/>
						<line number="119" hits="0"/>
						<line number="120" hits="0"/>
						<line number="122" hits="1"/>
						<line number="123" hits="0"/>
						<line number="124" hits="0"/>
						<line number="125" hits="0"/>
						<line number="135" hits="0"/>
						<line number="137" hits="1"/>
						<line number="138" hits="1"/>
						<line number="141" hits="1"/>
						<line number="145" hits="1"/>
						<line number="147" hits="1"/>
						<line number="148" hits="1"/>
						<line number="149" hits="1"/>
						<line number="152" hits="1"/>
						<line number="153" hits="0"/>
						<line number="162" hits="1"/>
						<line number="165" hits="1"/>
						<line number="167" hits="0"/>
						<line number="169" hits="1"/>
						<line number="171" hits="0"/>
						<line number="173" hits="1"/>
						<line number="178" hits="1"/>
						<line number="179" hits="1"/>
						<line number="180" hits="1"/>
						<line number="181" hits="0"/>
						<line number="182" hits="0"/>
						<line number="183" hits="0"/>
						<line number="185" hits="0"/>
						<line number="187" hits="0"/>
						<line number="188" hits="0"/>
						<line number="189" hits="0"/>
						<line number="191" hits="0"/>
						<line number="192" hits="0"/>
						<line number="195" hits="1"/>
						<line number="201" hits="0"/>
						<line number="202" hits="0"/>
						<line number="203" hits="0"/>
						<line number="206" hits="0"/>
						<line number="207" hits="0"/>
						<line number="208" hits="0"/>
						<line number="209" hits="0"/>
						<line number="210" hits="0"/>
						<line number="212" hits="0"/>
						<line number="213" hits="0"/>
						<line number="216" hits="0"/>
						<line number="217" hits="0"/>
						<line number="220" hits="0"/>
						<line number="221" hits="0"/>
						<line number="222" hits="0"/>
						<line number="225" hits="0"/>
						<line number="228" hits="1"/>
						<line number="230" hits="1"/>
						<line number="231" hits="1"/>
						<line number="232" hits="1"/>
						<line number="233" hits="1"/>
						<line number="235" hits="1"/>
						<line number="237" hits="1"/>
						<line number="239" hits="0"/>
						<line number="241" hits="1"/>
						<line number="246" hits="1"/>
						<line number="248" hits="1"/>
						<line number="249" hits="1"/>
						<line number="252" hits="1"/>
						<line number="253" hits="1"/>
						<line number="255" hits="1"/>
						<line number="257" hits="1"/>
						<line number="262" hits="1"/>
						<line number="263" hits="1"/>
						<line number="264" hits="1"/>
						<line number="267" hits="1"/>
						<line number="268" hits="1"/>
						<line number="269" hits="1"/>
						<line number="271" hits="1"/>
						<line number="273" hits="1"/>
						<line number="279" hits="0"/>
						<line number="280" hits="0"/>
						<line number="282" hits="0"/>
						<line number="287" hits="0"/>
						<line number="288" hits="0"/>
						<line number="291" hits="0"/>
						<line number="292" hits="0"/>
						<line number="293" hits="0"/>
						<line number="296" hits="0"/>
						<line number="297" hits="0"/>
						<line number="298" hits="0"/>
						<line number="299" hits="0"/>
						<line number="302" hits="0"/>
						<line number="303" hits="0"/>
						<line number="304" hits="0"/>
						<line number="306" hits="0"/>
						<line number="308" hits="0"/>
						<line number="309" hits="0"/>
						<line number="311" hits="0"/>
						<line number="312" hits="1"/>
						<line number="315" hits="1"/>
						<line number="316" hits="1"/>
						<line number="319" hits="1"/>
						<line number="320" hits="1"/>
						<line number="321" hits="1"/>
						<line number="324" hits="1"/>
						<line number="325" hits="1"/>
						<line number="328" hits="0"/>
						<line number="329" hits="0"/>
						<line number="334" hits="0"/>
						<line number="335" hits="0"/>
						<line number="336" hits="0"/>
						<line number="341" hits="0"/>
						<line number="343" hits="0"/>
						<line number="349" hits="1"/>
						<line number="350" hits="1"/>
						<line number="353" hits="0"/>
						<line number="354" hits="0"/>
						<line number="359" hits="0"/>
						<line number="360" hits="0"/>
						<line number="361" hits="0"/>
						<line number="366" hits="0"/>
						<line number="368" hits="0"/>
						<line number="374" hits="1"/>
						<line number="375" hits="1"/>
						<line number="376" hits="1"/>
						<line number="378" hits="1"/>
						<line number="379" hits="1"/>
						<line number="381" hits="0"/>
						<line number="382" hits="0"/>
						<line number="389" hits="0"/>
						<line number="391" hits="0"/>
						<line number="392" hits="0"/>
						<line number="393" hits="0"/>
						<line number="394" hits="0"/>
						<line number="397" hits="0"/>
						<line number="400" hits="0"/>
						<line number="401" hits="0"/>
						<line number="402" hits="0"/>
						<line number="403" hits="0"/>
						<line number="404" hits="0"/>
						<line number="406" hits="0"/>
						<line number="413" hits="0"/>
						<line number="414" hits="0"/>
						<line number="415" hits="0"/>
						<line number="416" hits="0"/>
						<line number="419" hits="0"/>
						<line number="420" hits="0"/>
						<line number="421" hits="0"/>
						<line number="423" hits="0"/>
						<line number="424" hits="0"/>
						<line number="425" hits="0"/>
						<line number="426" hits="0"/>
						<line number="429" hits="0"/>
						<line number="438" hits="0"/>
						<line number="446" hits="0"/>
						<line number="447" hits="0"/>
						<line number="448" hits="0"/>
						<line number="455" hits="0"/>
						<line number="462" hits="0"/>
						<line number="463" hits="1"/>
						<line number="464" hits="1"/>
						<line number="466" hits="0"/>
						<line number="467" hits="0"/>
						<line number="475" hits="0"/>
						<line number="476" hits="0"/>
						<line number="477" hits="0"/>
						<line number="480" hits="0"/>
						<line number="483" hits="0"/>
						<line number="484" hits="0"/>
						<line number="485" hits="0"/>
						<line number="486" hits="0"/>
						<line number="487" hits="0"/>
						<line number="489" hits="0"/>
						<line number="499" hits="0"/>
						<line number="500" hits="0"/>
						<line number="501" hits="0"/>
						<line number="503" hits="0"/>
						<line number="504" hits="0"/>
						<line number="505" hits="0"/>
						<line number="506" hits="0"/>
						<line number="507" hits="0"/>
						<line number="508" hits="0"/>
						<line number="515" hits="0"/>
						<line number="516" hits="0"/>
						<line number="517" hits="0"/>
						<line number="524" hits="0"/>
						<line number="527" hits="1"/>
						<line number="528" hits="1"/>
						<line number="530" hits="1"/>
						<line number="531" hits="1"/>
						<line number="533" hits="1"/>
						<line number="535" hits="1"/>
						<line number="536" hits="1"/>
						<line number="537" hits="0"/>
						<line number="538" hits="0"/>
						<line number="539" hits="0"/>
						<line number="540" hits="0"/>
						<line number="541" hits="0"/>
						<line number="542" hits="0"/>
						<line number="543" hits="0"/>
						<line number="544" hits="0"/>
						<line number="545" hits="0"/>
						<line number="546" hits="0"/>
						<line number="547" hits="0"/>
						<line number="548" hits="0"/>
						<line number="549" hits="0"/>
						<line number="550" hits="0"/>
						<line number="551" hits="0"/>
						<line number="552" hits="0"/>
						<line number="553" hits="0"/>
						<line number="554" hits="0"/>
						<line number="555" hits="0"/>
						<line number="556" hits="0"/>
						<line number="557" hits="0"/>
						<line number="558" hits="0"/>
						<line number="559" hits="0"/>
						<line number="560" hits="0"/>
						<line number="562" hits="0"/>
						<line number="563" hits="0"/>
						<line number="565" hits="1"/>
						<line number="567" hits="1"/>
						<line number="568" hits="1"/>
						<line number="569" hits="0"/>
						<line number="571" hits="0"/>
						<line number="573" hits="0"/>
						<line number="575" hits="0"/>
						<line number="576" hits="0"/>
						<line number="579" hits="0"/>
						<line number="580" hits="0"/>
						<line number="581" hits="0"/>
						<line number="582" hits="0"/>
						<line number="583" hits="0"/>
						<line number="584" hits="0"/>
						<line number="585" hits="0"/>
						<line number="586" hits="0"/>
						<line number="587" hits="0"/>
						<line number="589" hits="0"/>
						<line number="590" hits="0"/>
						<line number="591" hits="0"/>
						<line number="594" hits="1"/>
						<line number="595" hits="1"/>
						<line number="596" hits="0"/>
						<line number="597" hits="0"/>
						<line number="609" hits="1"/>
						<line number="610" hits="1"/>
						<line number="611" hits="0"/>
						<line number="612" hits="0"/>
						<line number="613" hits="0"/>
						<line number="614" hits="0"/>
						<line number="624" hits="1"/>
						<line number="625" hits="1"/>
						<line number="627" hits="0"/>
						<line number="628" hits="0"/>
						<line number="629" hits="0"/>
						<line number="632" hits="0"/>
						<line number="633" hits="0"/>
						<line number="634" hits="0"/>
						<line number="637" hits="0"/>
						<line number="650" hits="0"/>
						<line number="651" hits="0"/>
						<line number="652" hits="0"/>
						<line number="653" hits="0"/>
						<line number="654" hits="0"/>
						<line number="655" hits="0"/>
						<line number="657" hits="0"/>
						<line number="658" hits="0"/>
						<line number="659" hits="0"/>
						<line number="660" hits="0"/>
						<line number="662" hits="0"/>
						<line number="664" hits="0"/>
						<line number="665" hits="0"/>
						<line number="666" hits="0"/>
						<line number="668" hits="1"/>
						<line number="669" hits="1"/>
						<line number="671" hits="0"/>
						<line number="672" hits="0"/>
						<line number="673" hits="0"/>
						<line number="674" hits="0"/>
						<line number="675" hits="0"/>
						<line number="676" hits="0"/>
						<line number="687" hits="0"/>
						<line number="688" hits="0"/>
						<line number="689" hits="0"/>
						<line number="691" hits="1"/>
						<line number="692" hits="1"/>
						<line number="694" hits="0"/>
						<line number="695" hits="0"/>
						<line number="697" hits="0"/>
						<line number="698" hits="0"/>
						<line number="699" hits="0"/>
						<line number="700" hits="0"/>
						<line number="701" hits="0"/>
						<line number="702" hits="0"/>
						<line number="703" hits="0"/>
						<line number="704" hits="0"/>
						<line number="714" hits="1"/>
						<line number="715" hits="1"/>
						<line number="716" hits="0"/>
						<line number="717" hits="0"/>
						<line number="718" hits="0"/>
						<line number="719" hits="0"/>
						<line number="720" hits="0"/>
						<line number="721" hits="0"/>
						<line number="722" hits="0"/>
						<line number="723" hits="0"/>
						<line number="724" hits="0"/>
						<line number="725" hits="0"/>
						<line number="726" hits="0"/>
						<line number="727" hits="0"/>
						<line number="728" hits="0"/>
						<line number="729" hits="0"/>
						<line number="730" hits="0"/>
						<line number="731" hits="0"/>
						<line number="732" hits="0"/>
						<line number="733" hits="0"/>
						<line number="735" hits="0"/>
						<line number="736" hits="0"/>
						<line number="737" hits="0"/>
						<line number="738" hits="0"/>
						<line number="739" hits="0"/>
						<line number="740" hits="0"/>
						<line number="741" hits="0"/>
						<line number="742" hits="0"/>
						<line number="743" hits="0"/>
						<line number="744" hits="0"/>
						<line number="745" hits="0"/>
						<line number="747" hits="0"/>
						<line number="748" hits="0"/>
						<line number="750" hits="0"/>
						<line number="751" hits="0"/>
						<line number="752" hits="0"/>
						<line number="753" hits="0"/>
						<line number="755" hits="1"/>
						<line number="756" hits="1"/>
						<line number="757" hits="0"/>
						<line number="758" hits="0"/>
						<line number="759" hits="0"/>
						<line number="760" hits="0"/>
						<line number="761" hits="0"/>
						<line number="764" hits="0"/>
						<line number="765" hits="0"/>
						<line number="766" hits="0"/>
						<line number="767" hits="0"/>
						<line number="768" hits="0"/>
						<line number="770" hits="0"/>
						<line number="771" hits="0"/>
						<line number="773" hits="0"/>
						<line number="774" hits="0"/>
						<line number="776" hits="0"/>
						<line number="778" hits="0"/>
						<line number="781" hits="0"/>
						<line number="782" hits="0"/>
						<line number="783" hits="0"/>
						<line number="784" hits="0"/>
						<line number="785" hits="0"/>
						<line number="786" hits="0"/>
						<line number="787" hits="0"/>
						<line number="788" hits="0"/>
						<line number="789" hits="0"/>
						<line number="790" hits="0"/>
						<line number="791" hits="0"/>
						<line number="794" hits="0"/>
						<line number="796" hits="0"/>
						<line number="799" hits="0"/>
						<line number="800" hits="0"/>
						<line number="801" hits="0"/>
						<line number="803" hits="0"/>
						<line number="807" hits="0"/>
						<line number="817" hits="0"/>
						<line number="819" hits="1"/>
						<line number="820" hits="1"/>
						<line number="821" hits="0"/>
						<line number="822" hits="0"/>
						<line number="823" hits="0"/>
						<line number="824" hits="0"/>
						<line number="825" hits="0"/>
						<line number="828" hits="0"/>
						<line number="829" hits="0"/>
						<line number="830" hits="0"/>
						<line number="831" hits="0"/>
						<line number="832" hits="0"/>
						<line number="834" hits="0"/>
						<line number="835" hits="0"/>
						<line number="837" hits="0"/>
						<line number="838" hits="0"/>
						<line number="841" hits="0"/>
						<line number="842" hits="0"/>
						<line number="843" hits="0"/>
						<line number="845" hits="0"/>
						<line number="846" hits="0"/>
						<line number="847" hits="0"/>
						<line number="849" hits="0"/>
						<line number="850" hits="0"/>
						<line number="853" hits="0"/>
						<line number="854" hits="0"/>
						<line number="855" hits="0"/>
						<line number="856" hits="0"/>
						<line number="857" hits="0"/>
						<line number="858" hits="0"/>
						<line number="859" hits="0"/>
						<line number="860" hits="0"/>
						<line number="861" hits="0"/>
						<line number="862" hits="0"/>
						<line number="864" hits="0"/>
						<line number="865" hits="0"/>
						<line number="866" hits="0"/>
						<line number="867" hits="0"/>
						<line number="868" hits="0"/>
						<line number="869" hits="0"/>
						<line number="870" hits="0"/>
						<line number="871" hits="0"/>
						<line number="872" hits="0"/>
						<line number="873" hits="0"/>
						<line number="874" hits="0"/>
						<line number="876" hits="0"/>
						<line number="877" hits="0"/>
						<line number="879" hits="0"/>
						<line number="880" hits="0"/>
						<line number="882" hits="0"/>
						<line number="884" hits="0"/>
						<line number="890" hits="0"/>
						<line number="898" hits="0"/>
						<line number="901" hits="1"/>
						<line number="903" hits="0"/>
						<line number="904" hits="0"/>
						<line number="919" hits="1"/>
						<line number="920" hits="1"/>
						<line number="922" hits="0"/>
						<line number="924" hits="0"/>
						<line number="926" hits="0"/>
						<line number="927" hits="0"/>
						<line number="928" hits="0"/>
						<line number="929" hits="0"/>
						<line number="930" hits="0"/>
						<line number="931" hits="0"/>
						<line number="932" hits="0"/>
						<line number="947" hits="1"/>
						<line number="948" hits="1"/>
						<line number="951" hits="0"/>
						<line number="953" hits="0"/>
						<line number="955" hits="0"/>
						<line number="958" hits="0"/>
						<line number="959" hits="0"/>
						<line number="960" hits="0"/>
						<line number="961" hits="0"/>
						<line number="964" hits="0"/>
						<line number="965" hits="0"/>
						<line number="966" hits="0"/>
						<line number="967" hits="0"/>
						<line number="968" hits="0"/>
						<line number="969" hits="0"/>
						<line number="970" hits="0"/>
						<line number="971" hits="0"/>
						<line number="973" hits="0"/>
						<line number="974" hits="0"/>
						<line number="975" hits="0"/>
						<line number="977" hits="0"/>
						<line number="978" hits="0"/>
						<line number="979" hits="0"/>
						<line number="982" hits="0"/>
						<line number="983" hits="0"/>
						<line number="984" hits="0"/>
						<line number="985" hits="0"/>
						<line number="987" hits="0"/>
						<line number="998" hits="1"/>
						<line number="999" hits="1"/>
						<line number="1002" hits="0"/>
						<line number="1004" hits="0"/>
						<line number="1006" hits="0"/>
						<line number="1009" hits="0"/>
						<line number="1010" hits="0"/>
						<line number="1011" hits="0"/>
						<line number="1012" hits="0"/>
						<line number="1015" hits="0"/>
						<line number="1016" hits="0"/>
						<line number="1017" hits="0"/>
						<line number="1018" hits="0"/>
						<line number="1019" hits="0"/>
						<line number="1020" hits="0"/>
						<line number="1021" hits="0"/>
						<line number="1022" hits="0"/>
						<line number="1024" hits="0"/>
						<line number="1025" hits="0"/>
						<line number="1026" hits="0"/>
						<line number="1028" hits="0"/>
						<line number="1030" hits="0"/>
						<line number="1031" hits="0"/>
						<line number="1032" hits="0"/>
						<line number="1033" hits="0"/>
						<line number="1034" hits="0"/>
						<line number="1035" hits="0"/>
						<line number="1047" hits="0"/>
						<line number="1048" hits="0"/>
						<line number="1055" hits="0"/>
						<line number="1080" hits="1"/>
						<line number="1081" hits="1"/>
						<line number="1082" hits="0"/>
						<line number="1083" hits="0"/>
						<line number="1084" hits="0"/>
						<line number="1085" hits="0"/>
						<line number="1086" hits="0"/>
						<line number="1112" hits="1"/>
						<line number="1113" hits="1"/>
						<line number="1114" hits="0"/>
						<line number="1115" hits="0"/>
						<line number="1116" hits="0"/>
						<line number="1118" hits="0"/>
						<line number="1131" hits="1"/>
						<line number="1132" hits="1"/>
						<line number="1133" hits="0"/>
						<line number="1134" hits="0"/>
						<line number="1135" hits="0"/>
						<line number="1136" hits="0"/>
						<line number="1137" hits="0"/>
						<line number="1138" hits="0"/>
						<line number="1139" hits="0"/>
						<line number="1140" hits="0"/>
						<line number="1141" hits="0"/>
						<line number="1142" hits="0"/>
						<line number="1144" hits="1"/>
						<line number="1146" hits="1"/>
						<line number="1147" hits="1"/>
						<line number="1148" hits="0"/>
						<line number="1150" hits="1"/>
						<line number="1151" hits="1"/>
						<line number="1152" hits="0"/>
						<line number="1153" hits="0"/>
						<line number="1154" hits="0"/>
						<line number="1155" hits="0"/>
						<line number="1156" hits="0"/>
						<line number="1157" hits="0"/>
						<line number="1163" hits="0"/>
						<line number="1165" hits="0"/>
						<line number="1174" hits="0"/>
						<line number="1181" hits="0"/>
						<line number="1182" hits="0"/>
						<line number="1183" hits="0"/>
						<line number="1185" hits="0"/>
						<line number="1187" hits="1"/>
						<line number="1188" hits="1"/>
						<line number="1190" hits="0"/>
						<line number="1191" hits="0"/>
						<line number="1192" hits="0"/>
						<line number="1193" hits="0"/>
						<line number="1194" hits="0"/>
						<line number="1197" hits="0"/>
						<line number="1198" hits="0"/>
						<line number="1201" hits="0"/>
						<line number="1202" hits="0"/>
						<line number="1203" hits="0"/>
						<line number="1205" hits="0"/>
						<line number="1210" hits="0"/>
						<line number="1220" hits="0"/>
						<line number="1222" hits="1"/>
						<line number="1223" hits="1"/>
						<line number="1225" hits="0"/>
						<line number="1226" hits="0"/>
						<line number="1227" hits="0"/>
						<line number="1228" hits="0"/>
						<line number="1229" hits="0"/>
						<line number="1230" hits="0"/>
						<line number="1231" hits="0"/>
						<line number="1232" hits="0"/>
						<line number="1233" hits="0"/>
						<line number="1235" hits="0"/>
						<line number="1237" hits="0"/>
						<line number="1242" hits="1"/>
						<line number="1243" hits="1"/>
						<line number="1245" hits="0"/>
						<line number="1246" hits="0"/>
						<line number="1249" hits="0"/>
						<line number="1250" hits="0"/>
						<line number="1253" hits="0"/>
						<line number="1254" hits="0"/>
						<line number="1257" hits="0"/>
						<line number="1258" hits="0"/>
						<line number="1259" hits="0"/>
						<line number="1260" hits="0"/>
						<line number="1263" hits="0"/>
						<line number="1264" hits="0"/>
						<line number="1267" hits="0"/>
						<line number="1268" hits="0"/>
						<line number="1269" hits="0"/>
						<line number="1270" hits="0"/>
						<line number="1271" hits="0"/>
						<line number="1272" hits="0"/>
						<line number="1274" hits="1"/>
						<line number="1275" hits="1"/>
						<line number="1277" hits="0"/>
						<line number="1278" hits="0"/>
						<line number="1279" hits="0"/>
						<line number="1280" hits="0"/>
						<line number="1281" hits="0"/>
						<line number="1282" hits="0"/>
						<line number="1283" hits="0"/>
						<line number="1284" hits="0"/>
						<line number="1285" hits="0"/>
						<line number="1287" hits="0"/>
						<line number="1289" hits="0"/>
						<line number="1294" hits="1"/>
						<line number="1295" hits="1"/>
						<line number="1297" hits="0"/>
						<line number="1298" hits="0"/>
						<line number="1301" hits="0"/>
						<line number="1302" hits="0"/>
						<line number="1305" hits="0"/>
						<line number="1306" hits="0"/>
						<line number="1309" hits="0"/>
						<line number="1310" hits="0"/>
						<line number="1311" hits="0"/>
						<line number="1312" hits="0"/>
						<line number="1315" hits="0"/>
						<line number="1316" hits="0"/>
						<line number="1319" hits="0"/>
						<line number="1320" hits="0"/>
						<line number="1321" hits="0"/>
						<line number="1322" hits="0"/>
						<line number="1323" hits="0"/>
						<line number="1324" hits="0"/>
						<line number="1326" hits="1"/>
						<line number="1327" hits="1"/>
						<line number="1329" hits="0"/>
						<line number="1330" hits="0"/>
						<line number="1331" hits="0"/>
						<line number="1332" hits="0"/>
						<line number="1333" hits="0"/>
						<line number="1336" hits="0"/>
						<line number="1337" hits="0"/>
						<line number="1340" hits="0"/>
						<line number="1341" hits="0"/>
						<line number="1342" hits="0"/>
						<line number="1344" hits="0"/>
						<line number="1349" hits="0"/>
						<line number="1359" hits="0"/>
						<line number="1361" hits="1"/>
						<line number="1362" hits="1"/>
						<line number="1364" hits="0"/>
						<line number="1365" hits="0"/>
						<line number="1366" hits="0"/>
						<line number="1367" hits="0"/>
						<line number="1368" hits="0"/>
						<line number="1371" hits="0"/>
						<line number="1372" hits="0"/>
						<line number="1373" hits="0"/>
						<line number="1375" hits="0"/>
						<line number="1380" hits="0"/>
						<line number="1390" hits="0"/>
						<line number="1392" hits="1"/>
						<line number="1393" hits="1"/>
						<line number="1395" hits="0"/>
						<line number="1396" hits="0"/>
						<line number="1397" hits="0"/>
						<line number="1398" hits="0"/>
						<line number="1399" hits="0"/>
						<line number="1402" hits="0"/>
						<line number="1403" hits="0"/>
						<line number="1405" hits="0"/>
						<line number="1410" hits="0"/>
						<line number="1419" hits="0"/>
						<line number="1421" hits="1"/>
						<line number="1422" hits="1"/>
						<line number="1424" hits="0"/>
						<line number="1425" hits="0"/>
						<line number="1426" hits="0"/>
						<line number="1427" hits="0"/>
						<line number="1428" hits="0"/>
						<line number="1430" hits="0"/>
						<line number="1435" hits="0"/>
						<line number="1443" hits="0"/>
						<line number="1445" hits="1"/>
						<line number="1446" hits="1"/>
						<line number="1448" hits="0"/>
						<line number="1449" hits="0"/>
						<line number="1450" hits="0"/>
						<line number="1451" hits="0"/>
						<line number="1452" hits="0"/>
						<line number="1455" hits="0"/>
						<line number="1456" hits="0"/>
						<line number="1457" hits="0"/>
						<line number="1458" hits="0"/>
						<line number="1459" hits="0"/>
						<line number="1460" hits="0"/>
						<line number="1461" hits="0"/>
						<line number="1462" hits="0"/>
						<line number="1464" hits="0"/>
						<line number="1467" hits="0"/>
						<line number="1468" hits="0"/>
						<line number="1469" hits="0"/>
						<line number="1470" hits="0"/>
						<line number="1471" hits="0"/>
						<line number="1473" hits="0"/>
						<line number="1474" hits="0"/>
						<line number="1476" hits="0"/>
						<line number="1477" hits="0"/>
						<line number="1480" hits="0"/>
						<line number="1481" hits="0"/>
						<line number="1482" hits="0"/>
						<line number="1483" hits="0"/>
						<line number="1484" hits="0"/>
						<line number="1485" hits="0"/>
						<line number="1488" hits="0"/>
						<line number="1489" hits="0"/>
						<line number="1490" hits="0"/>
						<line number="1493" hits="0"/>
						<line number="1494" hits="0"/>
						<line number="1495" hits="0"/>
						<line number="1497" hits="0"/>
						<line number="1502" hits="0"/>
						<line number="1528" hits="0"/>
						<line number="1530" hits="1"/>
						<line number="1531" hits="1"/>
						<line number="1532" hits="0"/>
						<line number="1533" hits="0"/>
						<line number="1534" hits="0"/>
						<line number="1536" hits="1"/>
						<line number="1537" hits="1"/>
						<line number="1538" hits="0"/>
						<line number="1539" hits="0"/>
						<line number="1540" hits="0"/>
						<line number="1541" hits="0"/>
						<line number="1542" hits="0"/>
						<line number="1545" hits="0"/>
						<line number="1546" hits="0"/>
						<line number="1547" hits="0"/>
						<line number="1548" hits="0"/>
						<line number="1549" hits="0"/>
						<line number="1551" hits="0"/>
						<line number="1552" hits="0"/>
						<line number="1554" hits="0"/>
						<line number="1555" hits="0"/>
						<line number="1557" hits="0"/>
						<line number="1559" hits="0"/>
						<line number="1562" hits="0"/>
						<line number="1563" hits="0"/>
						<line number="1564" hits="0"/>
						<line number="1565" hits="0"/>
						<line number="1568" hits="0"/>
						<line number="1569" hits="0"/>
						<line number="1570" hits="0"/>
						<line number="1579" hits="0"/>
						<line number="1580" hits="0"/>
						<line number="1581" hits="0"/>
						<line number="1582" hits="0"/>
						<line number="1583" hits="0"/>
						<line number="1584" hits="0"/>
						<line number="1585" hits="0"/>
						<line number="1586" hits="0"/>
						<line number="1587" hits="0"/>
						<line number="1589" hits="0"/>
						<line number="1590" hits="0"/>
						<line number="1591" hits="0"/>
						<line number="1594" hits="0"/>
						<line number="1595" hits="0"/>
						<line number="1596" hits="0"/>
						<line number="1597" hits="0"/>
						<line number="1598" hits="0"/>
						<line number="1599" hits="0"/>
						<line number="1600" hits="0"/>
						<line number="1601" hits="0"/>
						<line number="1602" hits="0"/>
						<line number="1603" hits="0"/>
						<line number="1604" hits="0"/>
						<line number="1605" hits="0"/>
						<line number="1606" hits="0"/>
						<line number="1607" hits="0"/>
						<line number="1608" hits="0"/>
						<line number="1609" hits="0"/>
						<line number="1610" hits="0"/>
						<line number="1613" hits="0"/>
						<line number="1615" hits="0"/>
						<line number="1616" hits="0"/>
						<line number="1617" hits="0"/>
						<line number="1618" hits="0"/>
						<line number="1621" hits="0"/>
						<line number="1622" hits="0"/>
						<line number="1623" hits="0"/>
						<line number="1624" hits="0"/>
						<line number="1625" hits="0"/>
						<line number="1626" hits="0"/>
						<line number="1627" hits="0"/>
						<line number="1628" hits="0"/>
						<line number="1630" hits="0"/>
						<line number="1631" hits="0"/>
						<line number="1632" hits="0"/>
						<line number="1635" hits="0"/>
						<line number="1636" hits="0"/>
						<line number="1637" hits="0"/>
						<line number="1638" hits="0"/>
						<line number="1640" hits="0"/>
						<line number="1651" hits="0"/>
						<line number="1653" hits="0"/>
						<line number="1655" hits="0"/>
						<line number="1656" hits="0"/>
						<line number="1657" hits="0"/>
						<line number="1659" hits="0"/>
						<line number="1678" hits="0"/>
						<line number="1697" hits="0"/>
						<line number="1699" hits="1"/>
						<line number="1700" hits="1"/>
						<line number="1701" hits="0"/>
						<line number="1702" hits="0"/>
						<line number="1703" hits="0"/>
						<line number="1704" hits="0"/>
						<line number="1705" hits="0"/>
						<line number="1708" hits="0"/>
						<line number="1709" hits="0"/>
						<line number="1711" hits="0"/>
						<line number="1717" hits="0"/>
						<line number="1718" hits="0"/>
						<line number="1719" hits="0"/>
						<line number="1721" hits="0"/>
						<line number="1728" hits="0"/>
						<line number="1730" hits="1"/>
						<line number="1731" hits="1"/>
						<line number="1733" hits="0"/>
						<line number="1734" hits="0"/>
						<line number="1735" hits="0"/>
						<line number="1736" hits="0"/>
						<line number="1737" hits="0"/>
						<line number="1738" hits="0"/>
						<line number="1739" hits="0"/>
						<line number="1740" hits="0"/>
						<line number="1743" hits="0"/>
						<line number="1744" hits="0"/>
						<line number="1745" hits="0"/>
						<line number="1746" hits="0"/>
						<line number="1747" hits="0"/>
						<line number="1749" hits="0"/>
						<line number="1751" hits="0"/>
						<line number="1753" hits="0"/>
						<line number="1754" hits="0"/>
						<line number="1756" hits="0"/>
						<line number="1757" hits="0"/>
						<line number="1758" hits="0"/>
						<line number="1759" hits="0"/>
						<line number="1760" hits="0"/>
						<line number="1761" hits="0"/>
						<line number="1762" hits="0"/>
						<line number="1763" hits="0"/>
						<line number="1764" hits="0"/>
						<line number="1774" hits="0"/>
						<line number="1776" hits="0"/>
						<line number="1777" hits="0"/>
						<line number="1779" hits="0"/>
						<line number="1781" hits="1"/>
						<line number="1782" hits="1"/>
						<line number="1783" hits="0"/>
						<line number="1784" hits="0"/>
						<line number="1785" hits="0"/>
						<line number="1786" hits="0"/>
						<line number="1788" hits="0"/>
						<line number="1789" hits="0"/>
						<line number="1790" hits="0"/>
						<line number="1791" hits="0"/>
						<line number="1792" hits="0"/>
						<line number="1794" hits="0"/>
						<line number="1796" hits="0"/>
						<line number="1798" hits="0"/>
						<line number="1799" hits="0"/>
						<line number="1800" hits="0"/>
						<line number="1801" hits="0"/>
						<line number="1802" hits="0"/>
						<line number="1803" hits="0"/>
						<line number="1804" hits="0"/>
						<line number="1805" hits="0"/>
						<line number="1806" hits="0"/>
						<line number="1807" hits="0"/>
						<line number="1808" hits="0"/>
						<line number="1809" hits="0"/>
						<line number="1810" hits="0"/>
						<line number="1811" hits="0"/>
						<line number="1812" hits="0"/>
						<line number="1813" hits="0"/>
						<line number="1822" hits="0"/>
						<line number="1824" hits="0"/>
						<line number="1825" hits="0"/>
						<line number="1827" hits="0"/>
						<line number="1829" hits="1"/>
						<line number="1830" hits="1"/>
						<line number="1845" hits="0"/>
						<line number="1847" hits="0"/>
						<line number="1849" hits="0"/>
						<line number="1852" hits="0"/>
						<line number="1853" hits="0"/>
						<line number="1854" hits="0"/>
						<line number="1855" hits="0"/>
						<line number="1856" hits="0"/>
						<line number="1857" hits="0"/>
						<line number="1858" hits="0"/>
						<line number="1859" hits="0"/>
						<line number="1862" hits="0"/>
						<line number="1864" hits="0"/>
						<line number="1865" hits="0"/>
						<line number="1866" hits="0"/>
						<line number="1867" hits="0"/>
						<line number="1868" hits="0"/>
						<line number="1869" hits="0"/>
						<line number="1870" hits="0"/>
						<line number="1871" hits="0"/>
						<line number="1872" hits="0"/>
						<line number="1874" hits="0"/>
						<line number="1876" hits="0"/>
						<line number="1877" hits="0"/>
						<line number="1879" hits="0"/>
						<line number="1882" hits="0"/>
						<line number="1885" hits="0"/>
						<line number="1887" hits="0"/>
						<line number="1912" hits="1"/>
						<line number="1913" hits="1"/>
						<line number="1916" hits="0"/>
						<line number="1918" hits="0"/>
						<line number="1919" hits="0"/>
						<line number="1920" hits="0"/>
						<line number="1921" hits="0"/>
						<line number="1922" hits="0"/>
						<line number="1924" hits="0"/>
						<line number="1925" hits="0"/>
						<line number="1926" hits="0"/>
						<line number="1928" hits="0"/>
						<line number="1929" hits="0"/>
						<line number="1930" hits="0"/>
						<line number="1931" hits="0"/>
						<line number="1932" hits="0"/>
						<line number="1933" hits="0"/>
						<line number="1942" hits="0"/>
						<line number="1943" hits="0"/>
						<line number="1949" hits="0"/>
						<line number="1967" hits="1"/>
						<line number="1968" hits="1"/>
						<line number="1969" hits="0"/>
						<line number="1970" hits="0"/>
						<line number="1971" hits="0"/>
						<line number="1972" hits="0"/>
						<line number="1973" hits="0"/>
						<line number="1976" hits="0"/>
						<line number="1977" hits="0"/>
						<line number="1978" hits="0"/>
						<line number="1979" hits="0"/>
						<line number="1980" hits="0"/>
						<line number="1982" hits="0"/>
						<line number="1983" hits="0"/>
						<line number="1985" hits="0"/>
						<line number="1986" hits="0"/>
						<line number="1989" hits="0"/>
						<line number="1990" hits="0"/>
						<line number="1991" hits="0"/>
						<line number="1993" hits="0"/>
						<line number="1994" hits="0"/>
						<line number="1996" hits="0"/>
						<line number="1997" hits="0"/>
						<line number="1998" hits="0"/>
						<line number="2001" hits="0"/>
						<line number="2003" hits="0"/>
						<line number="2009" hits="0"/>
						<line number="2020" hits="0"/>
						<line number="2022" hits="1"/>
						<line number="2023" hits="1"/>
						<line number="2025" hits="0"/>
						<line number="2026" hits="0"/>
						<line number="2027" hits="0"/>
						<line number="2029" hits="0"/>
						<line number="2031" hits="0"/>
						<line number="2032" hits="0"/>
						<line number="2034" hits="0"/>
						<line number="2035" hits="0"/>
						<line number="2036" hits="0"/>
						<line number="2037" hits="0"/>
						<line number="2038" hits="0"/>
						<line number="2039" hits="0"/>
						<line number="2042" hits="0"/>
						<line number="2043" hits="0"/>
						<line number="2045" hits="0"/>
						<line number="2046" hits="0"/>
						<line number="2059" hits="0"/>
						<line number="2061" hits="0"/>
						<line number="2062" hits="0"/>
						<line number="2065" hits="0"/>
						<line number="2066" hits="0"/>
						<line number="2067" hits="0"/>
						<line number="2070" hits="0"/>
						<line number="2072" hits="0"/>
						<line number="2073" hits="0"/>
						<line number="2074" hits="0"/>
						<line number="2076" hits="0"/>
						<line number="2078" hits="0"/>
						<line number="2088" hits="1"/>
						<line number="2089" hits="1"/>
						<line number="2091" hits="0"/>
						<line number="2092" hits="0"/>
						<line number="2093" hits="0"/>
						<line number="2095" hits="0"/>
						<line number="2108" hits="1"/>
						<line number="2109" hits="1"/>
						<line number="2116" hits="0"/>
						<line number="2117" hits="0"/>
						<line number="2118" hits="0"/>
						<line number="2121" hits="0"/>
						<line number="2122" hits="0"/>
						<line number="2124" hits="0"/>
						<line number="2125" hits="0"/>
						<line number="2126" hits="0"/>
						<line number="2127" hits="0"/>
						<line number="2128" hits="0"/>
						<line number="2129" hits="0"/>
						<line number="2132" hits="0"/>
						<line number="2133" hits="0"/>
						<line number="2135" hits="0"/>
						<line number="2136" hits="0"/>
						<line number="2139" hits="0"/>
						<line number="2140" hits="0"/>
						<line number="2143" hits="0"/>
						<line number="2144" hits="0"/>
						<line number="2146" hits="0"/>
						<line number="2147" hits="0"/>
						<line number="2150" hits="0"/>
						<line number="2153" hits="0"/>
						<line number="2161" hits="0"/>
						<line number="2162" hits="0"/>
						<line number="2163" hits="0"/>
						<line number="2166" hits="0"/>
						<line number="2174" hits="0"/>
						<line number="2181" hits="0"/>
						<line number="2188" hits="1"/>
						<line number="2189" hits="1"/>
						<line number="2191" hits="0"/>
						<line number="2192" hits="0"/>
						<line number="2193" hits="0"/>
						<line number="2196" hits="0"/>
						<line number="2197" hits="0"/>
						<line number="2198" hits="0"/>
						<line number="2199" hits="0"/>
						<line number="2200" hits="0"/>
						<line number="2202" hits="0"/>
						<line number="2203" hits="0"/>
						<line number="2206" hits="0"/>
						<line number="2207" hits="0"/>
						<line number="2208" hits="0"/>
						<line number="2211" hits="0"/>
						<line number="2212" hits="0"/>
						<line number="2214" hits="0"/>
						<line number="2215" hits="0"/>
						<line number="2228" hits="1"/>
						<line number="2229" hits="1"/>
						<line number="2231" hits="0"/>
						<line number="2232" hits="0"/>
						<line number="2233" hits="0"/>
						<line number="2235" hits="0"/>
						<line number="2236" hits="0"/>
						<line number="2237" hits="0"/>
						<line number="2239" hits="0"/>
						<line number="2240" hits="0"/>
						<line number="2243" hits="0"/>
						<line number="2252" hits="0"/>
						<line number="2259" hits="0"/>
						<line number="2265" hits="0"/>
						<line number="2268" hits="1"/>
						<line number="2269" hits="1"/>
						<line number="2283" hits="1"/>
						<line number="2284" hits="1"/>
						<line number="2285" hits="1"/>
						<line number="2287" hits="1"/>
						<line number="2288" hits="1"/>
						<line number="2291" hits="0"/>
						<line number="2292" hits="0"/>
						<line number="2294" hits="0"/>
						<line number="2295" hits="0"/>
						<line number="2298" hits="0"/>
						<line number="2299" hits="0"/>
						<line number="2302" hits="0"/>
						<line number="2303" hits="0"/>
						<line number="2304" hits="0"/>
						<line number="2306" hits="0"/>
						<line number="2307" hits="0"/>
						<line number="2317" hits="0"/>
						<line number="2324" hits="0"/>
						<line number="2332" hits="0"/>
						<line number="2333" hits="0"/>
						<line number="2334" hits="0"/>
						<line number="2335" hits="0"/>
						<line number="2336" hits="0"/>
						<line number="2339" hits="1"/>
						<line number="2340" hits="1"/>
						<line number="2350" hits="1"/>
						<line number="2351" hits="1"/>
						<line number="2352" hits="0"/>
						<line number="2353" hits="0"/>
						<line number="2356" hits="0"/>
						<line number="2359" hits="0"/>
						<line number="2366" hits="0"/>
						<line number="2377" hits="0"/>
						<line number="2378" hits="0"/>
						<line number="2381" hits="0"/>
						<line number="2383" hits="0"/>
						<line number="2393" hits="0"/>
						<line number="2402" hits="0"/>
						<line number="2403" hits="1"/>
						<line number="2404" hits="0"/>
						<line number="2405" hits="1"/>
						<line number="2406" hits="1"/>
						<line number="2407" hits="1"/>
						<line number="2410" hits="1"/>
						<line number="2411" hits="1"/>
						<line number="2416" hits="0"/>
						<line number="2417" hits="0"/>
						<line number="2418" hits="0"/>
						<line number="2422" hits="0"/>
						<line number="2429" hits="0"/>
						<line number="2430" hits="0"/>
						<line number="2432" hits="0"/>
						<line number="2436" hits="1"/>
						<line number="2437" hits="1"/>
						<line number="2449" hits="0"/>
						<line number="2450" hits="0"/>
						<line number="2453" hits="0"/>
						<line number="2454" hits="0"/>
						<line number="2457" hits="0"/>
						<line number="2458" hits="0"/>
						<line number="2459" hits="0"/>
						<line number="2462" hits="0"/>
						<line number="2463" hits="0"/>
						<line number="2464" hits="0"/>
						<line number="2466" hits="0"/>
						<line number="2468" hits="0"/>
						<line number="2481" hits="1"/>
						<line number="2482" hits="1"/>
						<line number="2496" hits="0"/>
						<line number="2497" hits="0"/>
						<line number="2500" hits="0"/>
						<line number="2501" hits="0"/>
						<line number="2504" hits="0"/>
						<line number="2505" hits="0"/>
						<line number="2506" hits="0"/>
						<line number="2508" hits="0"/>
						<line number="2509" hits="0"/>
						<line number="2519" hits="0"/>
						<line number="2527" hits="0"/>
						<line number="2535" hits="0"/>
						<line number="2536" hits="0"/>
						<line number="2537" hits="0"/>
						<line number="2538" hits="0"/>
						<line number="2539" hits="0"/>
						<line number="2542" hits="1"/>
						<line number="2543" hits="1"/>
						<line number="2556" hits="0"/>
						<line number="2557" hits="0"/>
						<line number="2560" hits="0"/>
						<line number="2561" hits="0"/>
						<line number="2562" hits="0"/>
						<line number="2565" hits="0"/>
						<line number="2566" hits="0"/>
						<line number="2567" hits="0"/>
						<line number="2568" hits="0"/>
						<line number="2571" hits="0"/>
						<line number="2572" hits="0"/>
						<line number="2573" hits="0"/>
						<line number="2574" hits="0"/>
						<line number="2575" hits="0"/>
						<line number="2576" hits="0"/>
						<line number="2578" hits="0"/>
						<line number="2586" hits="0"/>
						<line number="2587" hits="0"/>
						<line number="2590" hits="0"/>
						<line number="2599" hits="0"/>
						<line number="2606" hits="0"/>
						<line number="2615" hits="1"/>
						<line number="2616" hits="1"/>
						<line number="2626" hits="0"/>
						<line number="2627" hits="0"/>
						<line number="2630" hits="0"/>
						<line number="2631" hits="0"/>
						<line number="2632" hits="0"/>
						<line number="2635" hits="0"/>
						<line number="2636" hits="0"/>
						<line number="2637" hits="0"/>
						<line number="2638" hits="0"/>
						<line number="2641" hits="0"/>
						<line number="2642" hits="0"/>
						<line number="2644" hits="0"/>
						<line number="2647" hits="0"/>
						<line number="2654" hits="0"/>
						<line number="2662" hits="1"/>
						<line number="2663" hits="1"/>
						<line number="2673" hits="0"/>
						<line number="2674" hits="0"/>
						<line number="2677" hits="0"/>
						<line number="2678" hits="0"/>
						<line number="2679" hits="0"/>
						<line number="2682" hits="0"/>
						<line number="2683" hits="0"/>
						<line number="2684" hits="0"/>
						<line number="2685" hits="0"/>
						<line number="2687" hits="0"/>
						<line number="2690" hits="0"/>
						<line number="2697" hits="0"/>
						<line number="2705" hits="1"/>
						<line number="2706" hits="1"/>
						<line number="2716" hits="0"/>
						<line number="2717" hits="0"/>
						<line number="2720" hits="0"/>
						<line number="2721" hits="0"/>
						<line number="2722" hits="0"/>
						<line number="2724" hits="0"/>
						<line number="2726" hits="0"/>
						<line number="2738" hits="1"/>
						<line number="2739" hits="1"/>
						<line number="2750" hits="0"/>
						<line number="2751" hits="0"/>
						<line number="2754" hits="0"/>
						<line number="2755" hits="0"/>
						<line number="2756" hits="0"/>
						<line number="2759" hits="0"/>
						<line number="2760" hits="0"/>
						<line number="2761" hits="0"/>
						<line number="2762" hits="0"/>
						<line number="2763" hits="0"/>
						<line number="2764" hits="0"/>
						<line number="2767" hits="0"/>
						<line number="2773" hits="0"/>
						<line number="2774" hits="0"/>
						<line number="2775" hits="0"/>
						<line number="2778" hits="0"/>
						<line number="2785" hits="0"/>
						<line number="2792" hits="0"/>
						<line number="2801" hits="1"/>
						<line number="2802" hits="1"/>
						<line number="2812" hits="0"/>
						<line number="2813" hits="0"/>
						<line number="2815" hits="0"/>
						<line number="2816" hits="0"/>
						<line number="2817" hits="0"/>
						<line number="2820" hits="0"/>
						<line number="2823" hits="0"/>
						<line number="2825" hits="0"/>
						<line number="2838" hits="1"/>
						<line number="2839" hits="1"/>
						<line number="2852" hits="0"/>
						<line number="2853" hits="0"/>
						<line number="2855" hits="0"/>
						<line number="2856" hits="0"/>
						<line number="2857" hits="0"/>
						<line number="2860" hits="0"/>
						<line number="2862" hits="0"/>
						<line number="2863" hits="0"/>
						<line number="2864" hits="0"/>
						<line number="2865" hits="0"/>
						<line number="2868" hits="0"/>
						<line number="2869" hits="0"/>
						<line number="2872" hits="0"/>
						<line number="2873" hits="0"/>
						<line number="2874" hits="0"/>
						<line number="2876" hits="0"/>
						<line number="2877" hits="0"/>
						<line number="2879" hits="0"/>
						<line number="2880" hits="0"/>
						<line number="2881" hits="0"/>
						<line number="2883" hits="0"/>
						<line number="2884" hits="0"/>
						<line number="2887" hits="0"/>
						<line number="2894" hits="0"/>
						<line number="2900" hits="0"/>
						<line number="2909" hits="1"/>
						<line number="2910" hits="1"/>
						<line number="2921" hits="0"/>
						<line number="2922" hits="0"/>
						<line number="2924" hits="0"/>
						<line number="2925" hits="0"/>
						<line number="2926" hits="0"/>
						<line number="2929" hits="0"/>
						<line number="2932" hits="0"/>
						<line number="2933" hits="0"/>
						<line number="2934" hits="0"/>
						<line number="2936" hits="0"/>
						<line number="2937" hits="0"/>
						<line number="2940" hits="0"/>
						<line number="2948" hits="0"/>
						<line number="2955" hits="0"/>
						<line number="2963" hits="1"/>
						<line number="2964" hits="1"/>
						<line number="2974" hits="0"/>
						<line number="2975" hits="0"/>
						<line number="2977" hits="0"/>
						<line number="2978" hits="0"/>
						<line number="2979" hits="0"/>
						<line number="2981" hits="0"/>
						<line number="2982" hits="0"/>
						<line number="2983" hits="0"/>
						<line number="2986" hits="0"/>
						<line number="2993" hits="0"/>
						<line number="2999" hits="0"/>
						<line number="3007" hits="1"/>
						<line number="3008" hits="1"/>
						<line number="3016" hits="0"/>
						<line number="3018" hits="0"/>
						<line number="3019" hits="0"/>
						<line number="3021" hits="0"/>
						<line number="3022" hits="0"/>
						<line number="3024" hits="0"/>
						<line number="3027" hits="1"/>
						<line number="3028" hits="1"/>
						<line number="3035" hits="0"/>
						<line number="3037" hits="0"/>
						<line number="3038" hits="0"/>
						<line number="3040" hits="0"/>
						<line number="3041" hits="0"/>
						<line number="3043" hits="0"/>
						<line number="3046" hits="1"/>
						<line number="3047" hits="1"/>
						<line number="3054" hits="0"/>
						<line number="3056" hits="0"/>
						<line number="3057" hits="0"/>
						<line number="3059" hits="0"/>
						<line number="3060" hits="0"/>
						<line number="3062" hits="0"/>
						<line number="3065" hits="1"/>
						<line number="3066" hits="1"/>
						<line number="3073" hits="0"/>
						<line number="3075" hits="0"/>
						<line number="3076" hits="0"/>
						<line number="3078" hits="0"/>
						<line number="3079" hits="0"/>
						<line number="3081" hits="0"/>
						<line number="3084" hits="1"/>
						<line number="3085" hits="1"/>
						<line number="3092" hits="0"/>
						<line number="3094" hits="0"/>
						<line number="3095" hits="0"/>
						<line number="3097" hits="0"/>
						<line number="3098" hits="0"/>
						<line number="3100" hits="0"/>
						<line number="3103" hits="1"/>
						<line number="3104" hits="1"/>
						<line number="3117" hits="0"/>
						<line number="3119" hits="0"/>
						<line number="3123" hits="0"/>
						<line number="3128" hits="0"/>
						<line number="3130" hits="0"/>
						<line number="3131" hits="0"/>
						<line number="3134" hits="0"/>
						<line number="3135" hits="0"/>
						<line number="3138" hits="0"/>
						<line number="3139" hits="0"/>
						<line number="3140" hits="0"/>
						<line number="3141" hits="0"/>
						<line number="3142" hits="0"/>
						<line number="3144" hits="0"/>
						<line number="3145" hits="0"/>
						<line number="3146" hits="0"/>
						<line number="3147" hits="0"/>
						<line number="3148" hits="0"/>
						<line number="3149" hits="0"/>
						<line number="3150" hits="0"/>
						<line number="3151" hits="0"/>
						<line number="3152" hits="0"/>
						<line number="3153" hits="0"/>
						<line number="3156" hits="0"/>
						<line number="3158" hits="0"/>
						<line number="3159" hits="0"/>
						<line number="3160" hits="0"/>
						<line number="3161" hits="0"/>
						<line number="3162" hits="0"/>
						<line number="3163" hits="0"/>
						<line number="3164" hits="0"/>
						<line number="3165" hits="0"/>
						<line number="3166" hits="0"/>
						<line number="3167" hits="0"/>
						<line number="3168" hits="0"/>
						<line number="3169" hits="0"/>
						<line number="3170" hits="0"/>
						<line number="3171" hits="0"/>
						<line number="3172" hits="0"/>
						<line number="3173" hits="0"/>
						<line number="3174" hits="0"/>
						<line number="3175" hits="0"/>
						<line number="3176" hits="0"/>
						<line number="3177" hits="0"/>
						<line number="3179" hits="0"/>
						<line number="3184" hits="0"/>
						<line number="3185" hits="0"/>
						<line number="3186" hits="0"/>
						<line number="3194" hits="0"/>
						<line number="3199" hits="0"/>
						<line number="3200" hits="0"/>
						<line number="3203" hits="0"/>
						<line number="3210" hits="0"/>
						<line number="3218" hits="1"/>
						<line number="3219" hits="1"/>
						<line number="3225" hits="0"/>
						<line number="3227" hits="0"/>
						<line number="3229" hits="0"/>
						<line number="3230" hits="0"/>
						<line number="3233" hits="1"/>
						<line number="3234" hits="1"/>
						<line number="3241" hits="0"/>
						<line number="3243" hits="0"/>
						<line number="3245" hits="0"/>
						<line number="3246" hits="0"/>
						<line number="3249" hits="1"/>
						<line number="3250" hits="1"/>
						<line number="3258" hits="0"/>
						<line number="3261" hits="0"/>
						<line number="3262" hits="0"/>
						<line number="3264" hits="0"/>
						<line number="3265" hits="0"/>
						<line number="3268" hits="0"/>
						<line number="3269" hits="0"/>
						<line number="3270" hits="0"/>
						<line number="3271" hits="0"/>
						<line number="3272" hits="0"/>
						<line number="3274" hits="0"/>
						<line number="3276" hits="0"/>
						<line number="3279" hits="1"/>
						<line number="3280" hits="1"/>
						<line number="3287" hits="0"/>
						<line number="3290" hits="0"/>
						<line number="3291" hits="0"/>
						<line number="3293" hits="0"/>
						<line number="3294" hits="0"/>
						<line number="3297" hits="0"/>
						<line number="3298" hits="0"/>
						<line number="3299" hits="0"/>
						<line number="3300" hits="0"/>
						<line number="3301" hits="0"/>
						<line number="3303" hits="0"/>
						<line number="3305" hits="0"/>
						<line number="3308" hits="1"/>
						<line number="3309" hits="1"/>
						<line number="3315" hits="0"/>
						<line number="3318" hits="0"/>
						<line number="3319" hits="0"/>
						<line number="3321" hits="0"/>
						<line number="3322" hits="0"/>
						<line number="3325" hits="0"/>
						<line number="3326" hits="0"/>
						<line number="3327" hits="0"/>
						<line number="3328" hits="0"/>
						<line number="3329" hits="0"/>
						<line number="3331" hits="0"/>
						<line number="3333" hits="0"/>
						<line number="3336" hits="1"/>
						<line number="3337" hits="1"/>
						<line number="3343" hits="0"/>
						<line number="3345" hits="0"/>
						<line number="3351" hits="1"/>
						<line number="3352" hits="1"/>
						<line number="3359" hits="0"/>
						<line number="3361" hits="0"/>
						<line number="3364" hits="0"/>
						<line number="3366" hits="0"/>
						<line number="3367" hits="0"/>
						<line number="3369" hits="0"/>
						<line number="3370" hits="0"/>
						<line number="3373" hits="0"/>
						<line number="3374" hits="0"/>
						<line number="3375" hits="0"/>
						<line number="3377" hits="0"/>
						<line number="3386" hits="1"/>
						<line number="3387" hits="1"/>
						<line number="3394" hits="0"/>
						<line number="3396" hits="0"/>
						<line number="3397" hits="0"/>
						<line number="3399" hits="0"/>
						<line number="3400" hits="0"/>
						<line number="3402" hits="0"/>
						<line number="3403" hits="0"/>
						<line number="3405" hits="0"/>
						<line number="3408" hits="1"/>
						<line number="3409" hits="1"/>
						<line number="3416" hits="0"/>
						<line number="3418" hits="0"/>
						<line number="3419" hits="0"/>
						<line number="3421" hits="0"/>
						<line number="3422" hits="0"/>
						<line number="3424" hits="0"/>
						<line number="3425" hits="0"/>
						<line number="3427" hits="0"/>
						<line number="3430" hits="1"/>
						<line number="3431" hits="1"/>
						<line number="3438" hits="0"/>
						<line number="3440" hits="0"/>
						<line number="3441" hits="0"/>
						<line number="3443" hits="0"/>
						<line number="3444" hits="0"/>
						<line number="3446" hits="0"/>
						<line number="3447" hits="0"/>
						<line number="3449" hits="0"/>
						<line number="3452" hits="1"/>
						<line number="3453" hits="1"/>
						<line number="3455" hits="1"/>
						<line number="3456" hits="1"/>
						<line number="3457" hits="1"/>
						<line number="3459" hits="0"/>
						<line number="3460" hits="0"/>
						<line number="3461" hits="0"/>
						<line number="3463" hits="0"/>
						<line number="3465" hits="1"/>
						<line number="3466" hits="1"/>
						<line number="3468" hits="1"/>
						<line number="3469" hits="1"/>
						<line number="3470" hits="1"/>
						<line number="3472" hits="0"/>
						<line number="3473" hits="0"/>
						<line number="3475" hits="1"/>
						<line number="3476" hits="1"/>
						<line number="3478" hits="0"/>
						<line number="3479" hits="0"/>
						<line number="3480" hits="0"/>
						<line number="3483" hits="0"/>
						<line number="3484" hits="0"/>
						<line number="3485" hits="0"/>
						<line number="3487" hits="0"/>
						<line number="3488" hits="0"/>
						<line number="3489" hits="0"/>
						<line number="3491" hits="0"/>
						<line number="3497" hits="1"/>
						<line number="3498" hits="1"/>
						<line number="3500" hits="0"/>
						<line number="3501" hits="0"/>
						<line number="3502" hits="0"/>
						<line number="3504" hits="0"/>
						<line number="3505" hits="0"/>
						<line number="3506" hits="0"/>
						<line number="3508" hits="0"/>
						<line number="3510" hits="1"/>
						<line number="3511" hits="1"/>
						<line number="3513" hits="0"/>
						<line number="3514" hits="0"/>
						<line number="3515" hits="0"/>
						<line number="3517" hits="0"/>
						<line number="3518" hits="0"/>
						<line number="3521" hits="1"/>
						<line number="3522" hits="1"/>
						<line number="3524" hits="1"/>
						<line number="3525" hits="1"/>
						<line number="3526" hits="1"/>
						<line number="3529" hits="0"/>
						<line number="3530" hits="0"/>
						<line number="3531" hits="0"/>
						<line number="3533" hits="0"/>
						<line number="3534" hits="0"/>
						<line number="3536" hits="0"/>
						<line number="3542" hits="0"/>
						<line number="3547" hits="0"/>
						<line number="3548" hits="0"/>
						<line number="3549" hits="0"/>
						<line number="3551" hits="1"/>
						<line number="3552" hits="1"/>
						<line number="3554" hits="1"/>
						<line number="3555" hits="1"/>
						<line number="3556" hits="1"/>
						<line number="3559" hits="0"/>
						<line number="3560" hits="0"/>
						<line number="3561" hits="0"/>
						<line number="3563" hits="0"/>
						<line number="3564" hits="0"/>
						<line number="3565" hits="0"/>
						<line number="3567" hits="0"/>
						<line number="3568" hits="0"/>
						<line number="3571" hits="0"/>
						<line number="3573" hits="0"/>
						<line number="3576" hits="1"/>
						<line number="3577" hits="1"/>
						<line number="3579" hits="1"/>
						<line number="3580" hits="1"/>
						<line number="3581" hits="1"/>
						<line number="3583" hits="0"/>
						<line number="3584" hits="0"/>
						<line number="3586" hits="0"/>
						<line number="3587" hits="0"/>
						<line number="3590" hits="0"/>
						<line number="3593" hits="0"/>
						<line number="3594" hits="0"/>
						<line number="3595" hits="0"/>
						<line number="3598" hits="0"/>
						<line number="3601" hits="0"/>
						<line number="3608" hits="0"/>
						<line number="3610" hits="0"/>
						<line number="3616" hits="1"/>
						<line number="3617" hits="1"/>
						<line number="3619" hits="1"/>
						<line number="3620" hits="1"/>
						<line number="3621" hits="1"/>
						<line number="3623" hits="0"/>
						<line number="3624" hits="0"/>
						<line number="3626" hits="0"/>
						<line number="3627" hits="0"/>
						<line number="3629" hits="0"/>
						<line number="3630" hits="0"/>
						<line number="3633" hits="0"/>
						<line number="3636" hits="0"/>
						<line number="3637" hits="0"/>
						<line number="3638" hits="0"/>
						<line number="3641" hits="0"/>
						<line number="3642" hits="0"/>
						<line number="3645" hits="0"/>
						<line number="3652" hits="0"/>
						<line number="3654" hits="0"/>
						<line number="3656" hits="1"/>
						<line number="3657" hits="1"/>
						<line number="3659" hits="0"/>
						<line number="3660" hits="0"/>
						<line number="3661" hits="0"/>
						<line number="3663" hits="0"/>
						<line number="3664" hits="0"/>
						<line number="3666" hits="0"/>
						<line number="3667" hits="0"/>
						<line number="3669" hits="0"/>
						<line number="3670" hits="0"/>
						<line number="3673" hits="0"/>
						<line number="3674" hits="0"/>
						<line number="3675" hits="0"/>
						<line number="3678" hits="0"/>
						<line number="3679" hits="0"/>
						<line number="3680" hits="0"/>
						<line number="3683" hits="0"/>
						<line number="3690" hits="0"/>
						<line number="3692" hits="0"/>
						<line number="3695" hits="1"/>
						<line number="3696" hits="1"/>
						<line number="3698" hits="1"/>
						<line number="3700" hits="1"/>
						<line number="3701" hits="0"/>
						<line number="3703" hits="1"/>
						<line number="3704" hits="1"/>
						<line number="3706" hits="1"/>
						<line number="3707" hits="0"/>
						<line number="3708" hits="0"/>
					</lines>
				</class>
			</classes>
		</package>
		<package name="core" line-rate="0.5406" branch-rate="0" complexity="0">
			<classes>
				<class name="analytics.py" filename="core/analytics.py" complexity="0" line-rate="0.3869" branch-rate="0">
					<methods/>
					<lines>
						<line number="12" hits="1"/>
						<line number="13" hits="1"/>
						<line number="14" hits="1"/>
						<line number="15" hits="1"/>
						<line number="16" hits="1"/>
						<line number="17" hits="1"/>
						<line number="18" hits="1"/>
						<line number="19" hits="1"/>
						<line number="21" hits="1"/>
						<line number="24" hits="1"/>
						<line number="27" hits="1"/>
						<line number="35" hits="1"/>
						<line number="36" hits="1"/>
						<line number="38" hits="1"/>
						<line number="55" hits="1"/>
						<line number="56" hits="0"/>
						<line number="57" hits="1"/>
						<line number="58" hits="0"/>
						<line number="61" hits="1"/>
						<line number="69" hits="1"/>
						<line number="71" hits="1"/>
						<line number="72" hits="0"/>
						<line number="84" hits="1"/>
						<line number="85" hits="1"/>
						<line number="86" hits="1"/>
						<line number="98" hits="1"/>
						<line number="101" hits="1"/>
						<line number="102" hits="1"/>
						<line number="103" hits="0"/>
						<line number="104" hits="0"/>
						<line number="105" hits="0"/>
						<line number="106" hits="0"/>
						<line number="108" hits="0"/>
						<line number="111" hits="1"/>
						<line number="121" hits="1"/>
						<line number="124" hits="1"/>
						<line number="126" hits="1"/>
						<line number="138" hits="1"/>
						<line number="153" hits="1"/>
						<line number="154" hits="0"/>
						<line number="155" hits="1"/>
						<line number="156" hits="0"/>
						<line number="159" hits="1"/>
						<line number="167" hits="1"/>
						<line number="169" hits="1"/>
						<line number="170" hits="0"/>
						<line number="183" hits="1"/>
						<line number="184" hits="1"/>
						<line number="185" hits="1"/>
						<line number="186" hits="1"/>
						<line number="188" hits="1"/>
						<line number="190" hits="1"/>
						<line number="209" hits="1"/>
						<line number="224" hits="0"/>
						<line number="225" hits="0"/>
						<line number="226" hits="0"/>
						<line number="227" hits="0"/>
						<line number="230" hits="0"/>
						<line number="248" hits="0"/>
						<line number="250" hits="0"/>
						<line number="251" hits="0"/>
						<line number="252" hits="0"/>
						<line number="253" hits="0"/>
						<line number="254" hits="0"/>
						<line number="256" hits="0"/>
						<line number="268" hits="0"/>
						<line number="273" hits="1"/>
						<line number="288" hits="0"/>
						<line number="289" hits="0"/>
						<line number="290" hits="0"/>
						<line number="291" hits="0"/>
						<line number="294" hits="0"/>
						<line number="307" hits="0"/>
						<line number="310" hits="0"/>
						<line number="311" hits="0"/>
						<line number="312" hits="0"/>
						<line number="318" hits="0"/>
						<line number="319" hits="0"/>
						<line number="320" hits="0"/>
						<line number="323" hits="0"/>
						<line number="324" hits="0"/>
						<line number="325" hits="0"/>
						<line number="326" hits="0"/>
						<line number="327" hits="0"/>
						<line number="328" hits="0"/>
						<line number="330" hits="0"/>
						<line number="332" hits="0"/>
						<line number="340" hits="1"/>
						<line number="355" hits="0"/>
						<line number="356" hits="0"/>
						<line number="357" hits="0"/>
						<line number="358" hits="0"/>
						<line number="361" hits="0"/>
						<line number="369" hits="0"/>
						<line number="377" hits="0"/>
						<line number="379" hits="0"/>
						<line number="380" hits="0"/>
						<line number="388" hits="0"/>
						<line number="389" hits="0"/>
						<line number="391" hits="0"/>
						<line number="392" hits="0"/>
						<line number="393" hits="0"/>
						<line number="396" hits="0"/>
						<line number="397" hits="0"/>
						<line number="399" hits="0"/>
						<line number="400" hits="0"/>
						<line number="402" hits="0"/>
						<line number="403" hits="0"/>
						<line number="404" hits="0"/>
						<line number="407" hits="0"/>
						<line number="408" hits="0"/>
						<line number="409" hits="0"/>
						<line number="410" hits="0"/>
						<line number="411" hits="0"/>
						<line number="412" hits="0"/>
						<line number="413" hits="0"/>
						<line number="414" hits="0"/>
						<line number="416" hits="0"/>
						<line number="417" hits="0"/>
						<line number="418" hits="0"/>
						<line number="420" hits="0"/>
						<line number="426" hits="0"/>
						<line number="435" hits="1"/>
						<line number="443" hits="1"/>
						<line number="444" hits="1"/>
						<line number="447" hits="1"/>
						<line number="454" hits="1"/>
						<line number="455" hits="1"/>
						<line number="458" hits="1"/>
						<line number="465" hits="0"/>
						<line number="466" hits="0"/>
						<line number="469" hits="1"/>
						<line number="476" hits="0"/>
						<line number="477" hits="0"/>
						<line number="480" hits="1"/>
						<line number="487" hits="0"/>
						<line number="488" hits="0"/>
					</lines>
				</class>
				<class name="analytics_export.py" filename="core/analytics_export.py" complexity="0" line-rate="0.1491" branch-rate="0">
					<methods/>
					<lines>
						<line number="7" hits="1"/>
						<line number="8" hits="1"/>
						<line number="9" hits="1"/>
						<line number="10" hits="1"/>
						<line number="11" hits="1"/>
						<line number="12" hits="1"/>
						<line number="14" hits="1"/>
						<line number="15" hits="1"/>
						<line number="16" hits="1"/>
						<line number="17" hits="1"/>
						<line number="18" hits="1"/>
						<line number="19" hits="1"/>
						<line number="20" hits="1"/>
						<line number="21" hits="1"/>
						<line number="22" hits="1"/>
						<line number="23" hits="0"/>
						<line number="24" hits="0"/>
						<line number="26" hits="1"/>
						<line number="28" hits="1"/>
						<line number="31" hits="1"/>
						<line number="33" hits="0"/>
						<line number="34" hits="0"/>
						<line number="37" hits="0"/>
						<line number="40" hits="0"/>
						<line number="41" hits="0"/>
						<line number="53" hits="0"/>
						<line number="54" hits="0"/>
						<line number="55" hits="0"/>
						<line number="56" hits="0"/>
						<line number="57" hits="0"/>
						<line number="58" hits="0"/>
						<line number="59" hits="0"/>
						<line number="61" hits="0"/>
						<line number="62" hits="0"/>
						<line number="65" hits="1"/>
						<line number="67" hits="0"/>
						<line number="68" hits="0"/>
						<line number="71" hits="0"/>
						<line number="74" hits="0"/>
						<line number="75" hits="0"/>
						<line number="76" hits="0"/>
						<line number="78" hits="0"/>
						<line number="79" hits="0"/>
						<line number="80" hits="0"/>
						<line number="81" hits="0"/>
						<line number="83" hits="0"/>
						<line number="85" hits="0"/>
						<line number="86" hits="0"/>
						<line number="89" hits="1"/>
						<line number="91" hits="0"/>
						<line number="92" hits="0"/>
						<line number="95" hits="0"/>
						<line number="98" hits="0"/>
						<line number="99" hits="0"/>
						<line number="100" hits="0"/>
						<line number="113" hits="0"/>
						<line number="114" hits="0"/>
						<line number="117" hits="1"/>
						<line number="119" hits="0"/>
						<line number="120" hits="0"/>
						<line number="123" hits="0"/>
						<line number="126" hits="0"/>
						<line number="127" hits="0"/>
						<line number="129" hits="0"/>
						<line number="130" hits="0"/>
						<line number="131" hits="0"/>
						<line number="132" hits="0"/>
						<line number="133" hits="0"/>
						<line number="135" hits="0"/>
						<line number="136" hits="0"/>
						<line number="137" hits="0"/>
						<line number="138" hits="0"/>
						<line number="139" hits="0"/>
						<line number="141" hits="0"/>
						<line number="142" hits="0"/>
						<line number="145" hits="1"/>
						<line number="147" hits="0"/>
						<line number="148" hits="0"/>
						<line number="151" hits="0"/>
						<line number="154" hits="0"/>
						<line number="156" hits="0"/>
						<line number="157" hits="0"/>
						<line number="158" hits="0"/>
						<line number="159" hits="0"/>
						<line number="160" hits="0"/>
						<line number="162" hits="0"/>
						<line number="163" hits="0"/>
						<line number="164" hits="0"/>
						<line number="165" hits="0"/>
						<line number="166" hits="0"/>
						<line number="167" hits="0"/>
						<line number="169" hits="0"/>
						<line number="170" hits="0"/>
						<line number="173" hits="1"/>
						<line number="182" hits="0"/>
						<line number="183" hits="0"/>
						<line number="185" hits="0"/>
						<line number="186" hits="0"/>
						<line number="187" hits="0"/>
						<line number="188" hits="0"/>
						<line number="191" hits="0"/>
						<line number="198" hits="0"/>
						<line number="199" hits="0"/>
						<line number="200" hits="0"/>
						<line number="203" hits="0"/>
						<line number="204" hits="0"/>
						<line number="205" hits="0"/>
						<line number="206" hits="0"/>
						<line number="213" hits="0"/>
						<line number="214" hits="0"/>
						<line number="224" hits="0"/>
						<line number="225" hits="0"/>
						<line number="228" hits="0"/>
						<line number="229" hits="0"/>
						<line number="230" hits="0"/>
						<line number="231" hits="0"/>
						<line number="232" hits="0"/>
						<line number="233" hits="0"/>
						<line number="234" hits="0"/>
						<line number="235" hits="0"/>
						<line number="236" hits="0"/>
						<line number="238" hits="0"/>
						<line number="239" hits="0"/>
						<line number="249" hits="0"/>
						<line number="250" hits="0"/>
						<line number="253" hits="0"/>
						<line number="254" hits="0"/>
						<line number="255" hits="0"/>
						<line number="256" hits="0"/>
						<line number="257" hits="0"/>
						<line number="258" hits="0"/>
						<line number="265" hits="0"/>
						<line number="266" hits="0"/>
						<line number="276" hits="0"/>
						<line number="277" hits="0"/>
						<line number="280" hits="0"/>
						<line number="281" hits="0"/>
						<line number="282" hits="0"/>
						<line number="283" hits="0"/>
						<line number="284" hits="0"/>
						<line number="285" hits="0"/>
						<line number="286" hits="0"/>
						<line number="288" hits="0"/>
						<line number="289" hits="0"/>
						<line number="299" hits="0"/>
						<line number="302" hits="0"/>
						<line number="303" hits="0"/>
						<line number="304" hits="0"/>
						<line number="307" hits="1"/>
						<line number="315" hits="0"/>
						<line number="320" hits="0"/>
						<line number="321" hits="0"/>
						<line number="322" hits="0"/>
						<line number="323" hits="0"/>
						<line number="324" hits="0"/>
						<line number="325" hits="0"/>
						<line number="326" hits="0"/>
						<line number="327" hits="0"/>
						<line number="328" hits="0"/>
						<line number="329" hits="0"/>
						<line number="331" hits="0"/>
					</lines>
				</class>
				<class name="audit.py" filename="core/audit.py" complexity="0" line-rate="0.8462" branch-rate="0">
					<methods/>
					<lines>
						<line number="7" hits="1"/>
						<line number="8" hits="1"/>
						<line number="9" hits="1"/>
						<line number="11" hits="1"/>
						<line number="12" hits="1"/>
						<line number="13" hits="1"/>
						<line number="15" hits="1"/>
						<line number="18" hits="1"/>
						<line number="41" hits="1"/>
						<line number="42" hits="1"/>
						<line number="43" hits="1"/>
						<line number="45" hits="1"/>
						<line number="56" hits="1"/>
						<line number="57" hits="1"/>
						<line number="59" hits="1"/>
						<line number="67" hits="0"/>
						<line number="68" hits="0"/>
						<line number="69" hits="0"/>
						<line number="72" hits="1"/>
						<line number="81" hits="1"/>
						<line number="92" hits="1"/>
						<line number="103" hits="1"/>
						<line number="114" hits="1"/>
						<line number="124" hits="0"/>
						<line number="135" hits="1"/>
						<line number="145" hits="1"/>
					</lines>
				</class>
				<class name="auth.py" filename="core/auth.py" complexity="0" line-rate="0.5243" branch-rate="0">
					<methods/>
					<lines>
						<line number="8" hits="1"/>
						<line number="9" hits="1"/>
						<line number="10" hits="1"/>
						<line number="11" hits="1"/>
						<line number="12" hits="1"/>
						<line number="13" hits="1"/>
						<line number="15" hits="1"/>
						<line number="16" hits="1"/>
						<line number="17" hits="1"/>
						<line number="18" hits="0"/>
						<line number="19" hits="0"/>
						<line number="20" hits="0"/>
						<line number="21" hits="0"/>
						<line number="22" hits="0"/>
						<line number="23" hits="0"/>
						<line number="24" hits="0"/>
						<line number="26" hits="1"/>
						<line number="27" hits="1"/>
						<line number="29" hits="1"/>
						<line number="30" hits="1"/>
						<line number="31" hits="0"/>
						<line number="32" hits="0"/>
						<line number="33" hits="0"/>
						<line number="34" hits="0"/>
						<line number="35" hits="1"/>
						<line number="36" hits="1"/>
						<line number="38" hits="1"/>
						<line number="41" hits="1"/>
						<line number="42" hits="1"/>
						<line number="45" hits="1"/>
						<line number="46" hits="1"/>
						<line number="47" hits="1"/>
						<line number="48" hits="1"/>
						<line number="49" hits="1"/>
						<line number="52" hits="1"/>
						<line number="53" hits="1"/>
						<line number="56" hits="1"/>
						<line number="61" hits="1"/>
						<line number="62" hits="1"/>
						<line number="63" hits="1"/>
						<line number="64" hits="1"/>
						<line number="65" hits="0"/>
						<line number="66" hits="0"/>
						<line number="67" hits="0"/>
						<line number="69" hits="0"/>
[...]
						<line number="41" hits="0"/>
						<line number="43" hits="0"/>
						<line number="44" hits="0"/>
						<line number="46" hits="0"/>
						<line number="47" hits="0"/>
						<line number="48" hits="0"/>
						<line number="50" hits="0"/>
						<line number="51" hits="0"/>
						<line number="52" hits="0"/>
						<line number="53" hits="0"/>
						<line number="54" hits="0"/>
						<line number="55" hits="0"/>
						<line number="56" hits="0"/>
						<line number="57" hits="0"/>
						<line number="58" hits="0"/>
						<line number="60" hits="0"/>
						<line number="62" hits="0"/>
						<line number="63" hits="0"/>
						<line number="64" hits="0"/>
						<line number="65" hits="0"/>
						<line number="67" hits="0"/>
						<line number="68" hits="0"/>
						<line number="69" hits="0"/>
						<line number="70" hits="0"/>
						<line number="71" hits="0"/>
						<line number="73" hits="0"/>
						<line number="74" hits="0"/>
						<line number="76" hits="1"/>
						<line number="77" hits="0"/>
						<line number="78" hits="0"/>
						<line number="79" hits="0"/>
						<line number="81" hits="0"/>
						<line number="82" hits="0"/>
						<line number="83" hits="0"/>
						<line number="84" hits="0"/>
						<line number="85" hits="0"/>
						<line number="86" hits="0"/>
						<line number="87" hits="0"/>
						<line number="89" hits="1"/>
						<line number="90" hits="1"/>
						<line number="91" hits="0"/>
						<line number="92" hits="0"/>
						<line number="93" hits="0"/>
						<line number="94" hits="0"/>
						<line number="96" hits="0"/>
						<line number="97" hits="0"/>
						<line number="98" hits="0"/>
						<line number="99" hits="0"/>
						<line number="100" hits="0"/>
						<line number="101" hits="0"/>
						<line number="102" hits="0"/>
						<line number="103" hits="0"/>
						<line number="104" hits="0"/>
						<line number="105" hits="0"/>
						<line number="106" hits="0"/>
						<line number="107" hits="0"/>
						<line number="108" hits="0"/>
						<line number="109" hits="0"/>
						<line number="110" hits="0"/>
						<line number="111" hits="0"/>
						<line number="119" hits="0"/>
					</lines>
				</class>
				<class name="probe_runtime.py" filename="modules/mcp/probe_runtime.py" complexity="0" line-rate="0.175" branch-rate="0">
					<methods/>
					<lines>
						<line number="1" hits="1"/>
						<line number="2" hits="1"/>
						<line number="3" hits="1"/>
						<line number="4" hits="1"/>
						<line number="6" hits="1"/>
						<line number="14" hits="1"/>
						<line number="15" hits="0"/>
						<line number="16" hits="0"/>
						<line number="17" hits="0"/>
						<line number="18" hits="0"/>
						<line number="19" hits="0"/>
						<line number="21" hits="1"/>
						<line number="22" hits="0"/>
						<line number="23" hits="0"/>
						<line number="25" hits="0"/>
						<line number="26" hits="0"/>
						<line number="27" hits="0"/>
						<line number="29" hits="0"/>
						<line number="30" hits="0"/>
						<line number="31" hits="0"/>
						<line number="33" hits="0"/>
						<line number="34" hits="0"/>
						<line number="35" hits="0"/>
						<line number="36" hits="0"/>
						<line number="37" hits="0"/>
						<line number="38" hits="0"/>
						<line number="39" hits="0"/>
						<line number="46" hits="0"/>
						<line number="48" hits="0"/>
						<line number="50" hits="0"/>
						<line number="51" hits="0"/>
						<line number="52" hits="0"/>
						<line number="53" hits="0"/>
						<line number="55" hits="0"/>
						<line number="56" hits="0"/>
						<line number="57" hits="0"/>
						<line number="58" hits="0"/>
						<line number="59" hits="0"/>
						<line number="60" hits="0"/>
						<line number="61" hits="0"/>
					</lines>
				</class>
				<class name="rules.py" filename="modules/mcp/rules.py" complexity="0" line-rate="0.32" branch-rate="0">
					<methods/>
					<lines>
						<line number="1" hits="1"/>
						<line number="2" hits="1"/>
						<line number="3" hits="1"/>
						<line number="5" hits="1"/>
						<line number="64" hits="1"/>
						<line number="65" hits="1"/>
						<line number="67" hits="1"/>
						<line number="68" hits="1"/>
						<line number="69" hits="0"/>
						<line number="70" hits="0"/>
						<line number="71" hits="0"/>
						<line number="72" hits="0"/>
						<line number="73" hits="0"/>
						<line number="74" hits="0"/>
						<line number="75" hits="0"/>
						<line number="76" hits="0"/>
						<line number="77" hits="0"/>
						<line number="78" hits="0"/>
						<line number="79" hits="0"/>
						<line number="80" hits="0"/>
						<line number="81" hits="0"/>
						<line number="82" hits="0"/>
						<line number="83" hits="0"/>
						<line number="84" hits="0"/>
						<line number="93" hits="0"/>
					</lines>
				</class>
				<class name="sast.py" filename="modules/mcp/sast.py" complexity="0" line-rate="0.2045" branch-rate="0">
					<methods/>
					<lines>
						<line number="1" hits="1"/>
						<line number="2" hits="1"/>
						<line number="3" hits="1"/>
						<line number="4" hits="1"/>
						<line number="6" hits="1"/>
						<line number="12" hits="1"/>
						<line number="16" hits="1"/>
						<line number="17" hits="0"/>
						<line number="19" hits="1"/>
						<line number="20" hits="0"/>
						<line number="21" hits="0"/>
						<line number="22" hits="0"/>
						<line number="23" hits="0"/>
						<line number="24" hits="0"/>
						<line number="26" hits="1"/>
						<line number="27" hits="0"/>
						<line number="28" hits="0"/>
						<line number="29" hits="0"/>
						<line number="30" hits="0"/>
						<line number="31" hits="0"/>
						<line number="32" hits="0"/>
						<line number="33" hits="0"/>
						<line number="34" hits="0"/>
						<line number="35" hits="0"/>
						<line number="36" hits="0"/>
						<line number="37" hits="0"/>
						<line number="38" hits="0"/>
						<line number="39" hits="0"/>
						<line number="40" hits="0"/>
						<line number="41" hits="0"/>
						<line number="42" hits="0"/>
						<line number="43" hits="0"/>
						<line number="44" hits="0"/>
						<line number="45" hits="0"/>
						<line number="46" hits="0"/>
						<line number="47" hits="0"/>
						<line number="48" hits="0"/>
						<line number="49" hits="0"/>
						<line number="50" hits="0"/>
						<line number="51" hits="0"/>
						<line number="52" hits="0"/>
						<line number="53" hits="0"/>
						<line number="54" hits="0"/>
						<line number="62" hits="0"/>
					</lines>
				</class>
				<class name="scanner.py" filename="modules/mcp/scanner.py" complexity="0" line-rate="0.09649" branch-rate="0">
					<methods/>
					<lines>
						<line number="1" hits="1"/>
						<line number="2" hits="1"/>
						<line number="3" hits="1"/>
						<line number="4" hits="1"/>
						<line number="5" hits="1"/>
						<line number="6" hits="1"/>
						<line number="7" hits="1"/>
						<line number="8" hits="1"/>
						<line number="9" hits="1"/>
						<line number="10" hits="1"/>
						<line number="11" hits="1"/>
						<line number="12" hits="1"/>
						<line number="13" hits="1"/>
						<line number="15" hits="1"/>
						<line number="17" hits="1"/>
						<line number="24" hits="1"/>
						<line number="25" hits="1"/>
						<line number="26" hits="0"/>
						<line number="30" hits="1"/>
						<line number="31" hits="0"/>
						<line number="33" hits="1"/>
						<line number="34" hits="0"/>
						<line number="35" hits="0"/>
						<line number="36" hits="0"/>
						<line number="37" hits="0"/>
						<line number="38" hits="0"/>
						<line number="39" hits="0"/>
						<line number="40" hits="0"/>
						<line number="42" hits="0"/>
						<line number="43" hits="0"/>
						<line number="44" hits="0"/>
						<line number="45" hits="0"/>
						<line number="46" hits="0"/>
						<line number="47" hits="0"/>
						<line number="48" hits="0"/>
						<line number="50" hits="1"/>
						<line number="51" hits="0"/>
						<line number="52" hits="0"/>
						<line number="53" hits="0"/>
						<line number="55" hits="0"/>
						<line number="56" hits="0"/>
						<line number="57" hits="0"/>
						<line number="58" hits="0"/>
						<line number="59" hits="0"/>
						<line number="60" hits="0"/>
						<line number="61" hits="0"/>
						<line number="63" hits="1"/>
						<line number="64" hits="0"/>
						<line number="65" hits="0"/>
						<line number="66" hits="0"/>
						<line number="67" hits="0"/>
						<line number="68" hits="0"/>
						<line number="69" hits="0"/>
						<line number="70" hits="0"/>
						<line number="71" hits="0"/>
						<line number="74" hits="0"/>
						<line number="75" hits="0"/>
						<line number="76" hits="0"/>
						<line number="78" hits="0"/>
						<line number="79" hits="0"/>
						<line number="80" hits="0"/>
						<line number="81" hits="0"/>
						<line number="82" hits="0"/>
						<line number="84" hits="0"/>
						<line number="85" hits="0"/>
						<line number="86" hits="0"/>
						<line number="87" hits="0"/>
						<line number="88" hits="0"/>
						<line number="89" hits="0"/>
						<line number="90" hits="0"/>
						<line number="91" hits="0"/>
						<line number="93" hits="0"/>
						<line number="94" hits="0"/>
						<line number="95" hits="0"/>
						<line number="96" hits="0"/>
						<line number="97" hits="0"/>
						<line number="98" hits="0"/>
						<line number="99" hits="0"/>
						<line number="100" hits="0"/>
						<line number="101" hits="0"/>
						<line number="102" hits="0"/>
						<line number="103" hits="0"/>
						<line number="106" hits="0"/>
						<line number="107" hits="0"/>
						<line number="108" hits="0"/>
						<line number="109" hits="0"/>
						<line number="110" hits="0"/>
						<line number="111" hits="0"/>
						<line number="112" hits="0"/>
						<line number="113" hits="0"/>
						<line number="114" hits="0"/>
						<line number="115" hits="0"/>
						<line number="116" hits="0"/>
						<line number="117" hits="0"/>
						<line number="118" hits="0"/>
						<line number="119" hits="0"/>
						<line number="120" hits="0"/>
						<line number="121" hits="0"/>
						<line number="122" hits="0"/>
						<line number="123" hits="0"/>
						<line number="124" hits="0"/>
						<line number="125" hits="0"/>
						<line number="126" hits="0"/>
						<line number="127" hits="0"/>
						<line number="128" hits="0"/>
						<line number="129" hits="0"/>
						<line number="130" hits="0"/>
						<line number="131" hits="0"/>
						<line number="132" hits="0"/>
						<line number="133" hits="0"/>
						<line number="134" hits="0"/>
						<line number="136" hits="0"/>
						<line number="137" hits="0"/>
						<line number="138" hits="0"/>
						<line number="139" hits="0"/>
						<line number="140" hits="0"/>
						<line number="141" hits="0"/>
						<line number="142" hits="0"/>
						<line number="144" hits="0"/>
						<line number="145" hits="0"/>
						<line number="147" hits="0"/>
						<line number="148" hits="0"/>
						<line number="149" hits="0"/>
						<line number="151" hits="0"/>
						<line number="152" hits="0"/>
						<line number="153" hits="0"/>
						<line number="154" hits="0"/>
						<line number="155" hits="0"/>
						<line number="157" hits="0"/>
						<line number="158" hits="0"/>
						<line number="159" hits="0"/>
						<line number="160" hits="0"/>
						<line number="161" hits="0"/>
						<line number="162" hits="0"/>
						<line number="163" hits="0"/>
						<line number="164" hits="0"/>
						<line number="165" hits="0"/>
						<line number="166" hits="0"/>
						<line number="167" hits="0"/>
						<line number="170" hits="0"/>
						<line number="171" hits="0"/>
						<line number="172" hits="0"/>
						<line number="173" hits="0"/>
						<line number="174" hits="0"/>
						<line number="175" hits="0"/>
						<line number="176" hits="0"/>
						<line number="177" hits="0"/>
						<line number="178" hits="0"/>
						<line number="191" hits="0"/>
						<line number="192" hits="0"/>
						<line number="195" hits="0"/>
						<line number="196" hits="0"/>
						<line number="197" hits="0"/>
						<line number="198" hits="0"/>
						<line number="199" hits="0"/>
						<line number="200" hits="0"/>
						<line number="201" hits="0"/>
						<line number="202" hits="0"/>
						<line number="203" hits="0"/>
						<line number="204" hits="0"/>
						<line number="217" hits="0"/>
						<line number="218" hits="0"/>
						<line number="221" hits="0"/>
						<line number="222" hits="0"/>
						<line number="223" hits="0"/>
						<line number="224" hits="0"/>
						<line number="225" hits="0"/>
						<line number="226" hits="0"/>
						<line number="227" hits="0"/>
						<line number="228" hits="0"/>
						<line number="229" hits="0"/>
						<line number="230" hits="0"/>
						<line number="243" hits="0"/>
						<line number="244" hits="0"/>
						<line number="247" hits="0"/>
						<line number="248" hits="0"/>
						<line number="249" hits="0"/>
						<line number="250" hits="0"/>
						<line number="251" hits="0"/>
						<line number="252" hits="0"/>
						<line number="253" hits="0"/>
						<line number="254" hits="0"/>
						<line number="255" hits="0"/>
						<line number="256" hits="0"/>
						<line number="257" hits="0"/>
						<line number="258" hits="0"/>
						<line number="259" hits="0"/>
						<line number="260" hits="0"/>
						<line number="261" hits="0"/>
						<line number="262" hits="0"/>
						<line number="263" hits="0"/>
						<line number="264" hits="0"/>
						<line number="265" hits="0"/>
						<line number="266" hits="0"/>
						<line number="267" hits="0"/>
						<line number="280" hits="0"/>
						<line number="281" hits="0"/>
						<line number="284" hits="0"/>
						<line number="285" hits="0"/>
						<line number="286" hits="0"/>
						<line number="287" hits="0"/>
						<line number="288" hits="0"/>
						<line number="289" hits="0"/>
						<line number="290" hits="0"/>
						<line number="291" hits="0"/>
						<line number="292" hits="0"/>
						<line number="293" hits="0"/>
						<line number="294" hits="0"/>
						<line number="306" hits="0"/>
						<line number="307" hits="0"/>
						<line number="308" hits="0"/>
						<line number="309" hits="0"/>
						<line number="310" hits="0"/>
						<line number="311" hits="0"/>
						<line number="312" hits="0"/>
						<line number="324" hits="0"/>
						<line number="325" hits="0"/>
						<line number="328" hits="0"/>
						<line number="329" hits="0"/>
						<line number="330" hits="0"/>
						<line number="331" hits="0"/>
						<line number="332" hits="0"/>
						<line number="333" hits="0"/>
						<line number="334" hits="0"/>
						<line number="335" hits="0"/>
						<line number="336" hits="0"/>
						<line number="338" hits="1"/>
						<line number="339" hits="0"/>
					</lines>
				</class>
				<class name="secrets.py" filename="modules/mcp/secrets.py" complexity="0" line-rate="0.1818" branch-rate="0">
					<methods/>
					<lines>
						<line number="1" hits="1"/>
						<line number="2" hits="1"/>
						<line number="3" hits="1"/>
						<line number="4" hits="1"/>
						<line number="6" hits="1"/>
						<line number="7" hits="1"/>
						<line number="8" hits="0"/>
						<line number="9" hits="0"/>
						<line number="10" hits="0"/>
						<line number="11" hits="0"/>
						<line number="12" hits="0"/>
						<line number="14" hits="1"/>
						<line number="15" hits="0"/>
						<line number="16" hits="0"/>
						<line number="18" hits="0"/>
						<line number="19" hits="0"/>
						<line number="20" hits="0"/>
						<line number="21" hits="0"/>
						<line number="22" hits="0"/>
						<line number="23" hits="0"/>
						<line number="24" hits="0"/>
						<line number="25" hits="0"/>
						<line number="26" hits="0"/>
						<line number="27" hits="0"/>
						<line number="28" hits="0"/>
						<line number="29" hits="0"/>
						<line number="30" hits="0"/>
						<line number="31" hits="0"/>
						<line number="32" hits="0"/>
						<line number="33" hits="0"/>
						<line number="34" hits="0"/>
						<line number="35" hits="0"/>
						<line number="43" hits="0"/>
						<line number="45" hits="1"/>
						<line number="46" hits="1"/>
						<line number="47" hits="0"/>
						<line number="48" hits="0"/>
						<line number="49" hits="0"/>
						<line number="50" hits="0"/>
						<line number="51" hits="0"/>
						<line number="53" hits="1"/>
						<line number="54" hits="0"/>
						<line number="55" hits="0"/>
						<line number="57" hits="0"/>
						<line number="58" hits="0"/>
						<line number="59" hits="0"/>
						<line number="60" hits="0"/>
						<line number="61" hits="0"/>
						<line number="62" hits="0"/>
						<line number="63" hits="0"/>
						<line number="64" hits="0"/>
						<line number="65" hits="0"/>
						<line number="66" hits="0"/>
						<line number="67" hits="0"/>
						<line number="75" hits="0"/>
					</lines>
				</class>
			</classes>
		</package>
		<package name="modules.model" line-rate="0.1899" branch-rate="0" complexity="0">
			<classes>
				<class name="scanner.py" filename="modules/model/scanner.py" complexity="0" line-rate="0.1899" branch-rate="0">
					<methods/>
					<lines>
						<line number="1" hits="1"/>
						<line number="2" hits="1"/>
						<line number="3" hits="1"/>
						<line number="4" hits="1"/>
						<line number="5" hits="1"/>
						<line number="6" hits="1"/>
						<line number="7" hits="1"/>
						<line number="8" hits="1"/>
						<line number="9" hits="1"/>
						<line number="11" hits="1"/>
						<line number="12" hits="1"/>
						<line number="13" hits="0"/>
						<line number="15" hits="1"/>
						<line number="16" hits="1"/>
						<line number="17" hits="0"/>
						<line number="18" hits="0"/>
						<line number="19" hits="0"/>
						<line number="20" hits="0"/>
						<line number="21" hits="0"/>
						<line number="22" hits="0"/>
						<line number="24" hits="1"/>
						<line number="25" hits="0"/>
						<line number="26" hits="0"/>
						<line number="27" hits="0"/>
						<line number="28" hits="0"/>
						<line number="29" hits="0"/>
						<line number="30" hits="0"/>
						<line number="31" hits="0"/>
						<line number="32" hits="0"/>
						<line number="33" hits="0"/>
						<line number="34" hits="0"/>
						<line number="35" hits="0"/>
						<line number="36" hits="0"/>
						<line number="37" hits="0"/>
						<line number="38" hits="0"/>
						<line number="39" hits="0"/>
						<line number="40" hits="0"/>
						<line number="41" hits="0"/>
						<line number="42" hits="0"/>
						<line number="43" hits="0"/>
						<line number="44" hits="0"/>
						<line number="45" hits="0"/>
						<line number="47" hits="0"/>
						<line number="48" hits="0"/>
						<line number="49" hits="0"/>
						<line number="50" hits="0"/>
						<line number="56" hits="0"/>
						<line number="57" hits="0"/>
						<line number="59" hits="0"/>
						<line number="60" hits="0"/>
						<line number="61" hits="0"/>
						<line number="62" hits="0"/>
						<line number="63" hits="0"/>
						<line number="64" hits="0"/>
						<line number="73" hits="0"/>
						<line number="74" hits="0"/>
						<line number="75" hits="0"/>
						<line number="76" hits="0"/>
						<line number="77" hits="0"/>
						<line number="78" hits="0"/>
						<line number="79" hits="0"/>
						<line number="80" hits="0"/>
						<line number="81" hits="0"/>
						<line number="82" hits="0"/>
						<line number="83" hits="0"/>
						<line number="84" hits="0"/>
						<line number="85" hits="0"/>
						<line number="98" hits="0"/>
						<line number="99" hits="0"/>
						<line number="100" hits="0"/>
						<line number="101" hits="0"/>
						<line number="102" hits="0"/>
						<line number="103" hits="0"/>
						<line number="104" hits="0"/>
						<line number="105" hits="0"/>
						<line number="106" hits="0"/>
						<line number="107" hits="0"/>
						<line number="109" hits="1"/>
						<line number="110" hits="0"/>
					</lines>
				</class>
			</classes>
		</package>
	</packages>
</coverage>
